Added Pin To Net: NetName=8.4V Pin=Q1-2
Added Pin To Net: NetName=MOTOR2_IN2 Pin=U1-22
Added Pin To Net: NetName=MOTOR2_IN1 Pin=U1-23
Added Pin To Net: NetName=MOTOR1_IN2 Pin=U1-26
Added Pin To Net: NetName=MOTOR1_IN1 Pin=U1-27
Added Member To Class: ClassName=DMRobotSchematic Member=Component C3 104
Added Member To Class: ClassName=DMRobotSchematic Member=Component C4 100uF
Added Member To Class: ClassName=DMRobotSchematic Member=Component C5 100uF
Added Member To Class: ClassName=DMRobotSchematic Member=Component C7 103
Added Member To Class: ClassName=DMRobotSchematic Member=Component C9 104
Added Member To Class: ClassName=DMRobotSchematic Member=Component C11 100uF
Added Member To Class: ClassName=DMRobotSchematic Member=Component C12 104
Added Member To Class: ClassName=DMRobotSchematic Member=Component C13 105
Added Member To Class: ClassName=DMRobotSchematic Member=Component C15 332
Added Member To Class: ClassName=DMRobotSchematic Member=Component C16 226
Added Member To Class: ClassName=DMRobotSchematic Member=Component C17 226
Added Member To Class: ClassName=DMRobotSchematic Member=Component C18 104
Added Member To Class: ClassName=DMRobotSchematic Member=Component C25 104
Added Member To Class: ClassName=DMRobotSchematic Member=Component C26 104
Added Member To Class: ClassName=DMRobotSchematic Member=Component C28 104
Added Member To Class: ClassName=DMRobotSchematic Member=Component C29 104
Added Member To Class: ClassName=DMRobotSchematic Member=Component C31 22uF
Added Member To Class: ClassName=DMRobotSchematic Member=Component C32 104
Added Member To Class: ClassName=DMRobotSchematic Member=Component U1 STM32F100xx_LQFP64
Added Member To Class: ClassName=DMRobotSchematic Member=Component U3 DRV8871DDARQ1
Added Member To Class: ClassName=DMRobotSchematic Member=Component U4 CH340C
