Removed Pin From Net: NetName=NetC10_1 Pin=Q1-1
Removed Pin From Net: NetName=8.4V Pin=Q1-3
Change Component Footprint: Designator=H3 Old Footprint=XH2.54M-2 New Footprint=Header 2P DC 2.54
Change Component Footprint: Designator=H5 Old Footprint=XH2.54M-2 New Footprint=Header 2P DC 2.54
Change Component Comment : Designator=H3 Old Comment=MOTOR New Comment=Header 2P 2.54 Duc Cong
Change Component Comment : Designator=H5 Old Comment=MOTOR New Comment=Header 2P 2.54 Duc Cong
Change component parameters: Designator = "H3" ("H3"); Footprint = "XH2.54M-2"; UniqueID = "\CQGTVWBG" ("\CQGTVWBG")
Change component parameters (AddParameter): Name = "Chung_Loai"; Value = "C?m"; VariantName = "[No Variations]"
Change component parameters (AddParameter): Name = "Don_Vi"; Value = "Con"; VariantName = "[No Variations]"
Change component parameters (AddParameter): Name = "Ghi_Chu"; Value = ""; VariantName = "[No Variations]"
Change component parameters (AddParameter): Name = "Kieu_Chan"; Value = ""; VariantName = "[No Variations]"
Change component parameters (AddParameter): Name = "Ma_Hang"; Value = "MH002852"; VariantName = "[No Variations]"
Change component parameters (AddParameter): Name = "Ten_Linh_Kien"; Value = "Header 2P XH2.54-2P Đ?c Cong"; VariantName = "[No Variations]"
Change component parameters: Designator = "H5" ("H5"); Footprint = "XH2.54M-2"; UniqueID = "\YMVPRACV" ("\YMVPRACV")
Change component parameters (AddParameter): Name = "Chung_Loai"; Value = "C?m"; VariantName = "[No Variations]"
Change component parameters (AddParameter): Name = "Don_Vi"; Value = "Con"; VariantName = "[No Variations]"
Change component parameters (AddParameter): Name = "Ghi_Chu"; Value = ""; VariantName = "[No Variations]"
Change component parameters (AddParameter): Name = "Kieu_Chan"; Value = ""; VariantName = "[No Variations]"
Change component parameters (AddParameter): Name = "Ma_Hang"; Value = "MH002852"; VariantName = "[No Variations]"
Change component parameters (AddParameter): Name = "Ten_Linh_Kien"; Value = "Header 2P XH2.54-2P Đ?c Cong"; VariantName = "[No Variations]"
Added Pin To Net: NetName=8.4V Pin=Q1-2
Added Pin To Net: NetName=NetC10_1 Pin=Q1-3
Change Net Color : Old Net Color=RGB(247, 120, 0) New Net Color=Default
Change Net Color : Old Net Color=RGB(158, 161, 117) New Net Color=Default
Change Net Color : Old Net Color=Blue New Net Color=Default
Added Member To Class: ClassName=DMRobotSchematic Member=Component C15 104
Added Member To Class: ClassName=DMRobotSchematic Member=Component C17 106
Added Member To Class: ClassName=DMRobotSchematic Member=Component C18 106
Added Member To Class: ClassName=DMRobotSchematic Member=Component C20 106
Added Member To Class: ClassName=DMRobotSchematic Member=Component C22 104
Added Member To Class: ClassName=DMRobotSchematic Member=Component C23 22uF
Added Member To Class: ClassName=DMRobotSchematic Member=Component C25 104
Added Member To Class: ClassName=DMRobotSchematic Member=Component C27 104
Added Member To Class: ClassName=DMRobotSchematic Member=Component C28 104
Added Member To Class: ClassName=DMRobotSchematic Member=Component C30 22uF
Added Member To Class: ClassName=DMRobotSchematic Member=Component C31 104
Added Member To Class: ClassName=DMRobotSchematic Member=Component H1 LOADER ESSP32
Added Member To Class: ClassName=DMRobotSchematic Member=Component H2 Header 4P 2.54 Duc Thang
Added Member To Class: ClassName=DMRobotSchematic Member=Component H4 ENCODER
Added Member To Class: ClassName=DMRobotSchematic Member=Component R9 10k
Added Member To Class: ClassName=DMRobotSchematic Member=Component R10 10k
Added Member To Class: ClassName=DMRobotSchematic Member=Component R14 5.1k
Added Member To Class: ClassName=DMRobotSchematic Member=Component R17 10k
Added Member To Class: ClassName=DMRobotSchematic Member=Component R20 0R
Added Member To Class: ClassName=DMRobotSchematic Member=Component R22 30k
Added Member To Class: ClassName=DMRobotSchematic Member=Component R23 10k
