Change Component Footprint: Designator=Y1 Old Footprint=Thach Anh 2 chan SMD5032 New Footprint=XTAL_CAA-12.000-20-3050-X-R
Change Component Comment : Designator=Y1 Old Comment=16Mhz New Comment=CAA-12.000-20-3050-X-R
Change Component Comment : Designator=C31 Old Comment=22pF New Comment=33pF
Change Component Comment : Designator=C34 Old Comment=22pF New Comment=33pF
Change component parameters: Designator = "C31" ("C31"); Footprint = "tu 0805"; UniqueID = "\DMFNPURB" ("\DMFNPURB")
Change component parameters (AddParameter): Name = "Chung_Loai"; Value = "Dán"; VariantName = "[No Variations]"
Change component parameters (AddParameter): Name = "Don_Vi"; Value = "Con"; VariantName = "[No Variations]"
Change component parameters (AddParameter): Name = "Kieu_Chan"; Value = ""; VariantName = "[No Variations]"
Change component parameters (AddParameter): Name = "Ma_Hang"; Value = "MH004563"; VariantName = "[No Variations]"
Change component parameters (AddParameter): Name = "So_Chan"; Value = "2"; VariantName = "[No Variations]"
Change component parameters (AddParameter): Name = "Ten_Linh_Kien"; Value = "T? 0805 33p 10% 50V"; VariantName = "[No Variations]"
Change component parameters: Designator = "C34" ("C34"); Footprint = "tu 0805"; UniqueID = "\LBIBGPPK" ("\LBIBGPPK")
Change component parameters (AddParameter): Name = "Chung_Loai"; Value = "Dán"; VariantName = "[No Variations]"
Change component parameters (AddParameter): Name = "Don_Vi"; Value = "Con"; VariantName = "[No Variations]"
Change component parameters (AddParameter): Name = "Kieu_Chan"; Value = ""; VariantName = "[No Variations]"
Change component parameters (AddParameter): Name = "Ma_Hang"; Value = "MH004563"; VariantName = "[No Variations]"
Change component parameters (AddParameter): Name = "So_Chan"; Value = "2"; VariantName = "[No Variations]"
Change component parameters (AddParameter): Name = "Ten_Linh_Kien"; Value = "T? 0805 33p 10% 50V"; VariantName = "[No Variations]"
Change component parameters: Designator = "Y1" ("Y1"); Footprint = "Thach Anh 2 chan SMD5032"; UniqueID = "\GVTBFTBB" ("\GVTBFTBB")
Change component parameters (AddParameter): Name = "Availability"; Value = "Unavailable"; VariantName = "[No Variations]"
Change component parameters (AddParameter): Name = "MF"; Value = ""; VariantName = "[No Variations]"
Change component parameters (AddParameter): Name = "MP"; Value = "CAA-12.000-20-3050-X-R"; VariantName = "[No Variations]"
Change component parameters (AddParameter): Name = "Package"; Value = "None"; VariantName = "[No Variations]"
Change component parameters (AddParameter): Name = "Price"; Value = "None"; VariantName = "[No Variations]"
Change component parameters (AddParameter): Name = "Value"; Value = ""; VariantName = "[No Variations]"
