Removed Pin From Net: NetName=GND Pin=ESP-GND
Removed Pin From Net: NetName=GND Pin=ESP-GND
Removed Pin From Net: NetName=GND Pin=ESP-GND
Removed Pin From Net: NetName=GND Pin=ESP-GND
Removed Pin From Net: NetName=GND Pin=ESP-GND
Removed Pin From Net: NetName=GND Pin=ESP-GND
Removed Pin From Net: NetName=GND Pin=ESP-GND
Removed Pin From Net: NetName=GND Pin=ESP-GND
Removed Pin From Net: NetName=GND Pin=ESP-GND
Removed Pin From Net: NetName=GND Pin=ESP-GND
Removed Pin From Net: NetName=GND Pin=ESP-GND
Removed Pin From Net: NetName=GND Pin=ESP-GND
Change Component Designator: OldDesignator=BOOT1 NewDesignator=BOOT
Change Component Designator: OldDesignator=EN1 NewDesignator=EN
Change Component Designator: OldDesignator=RST1 NewDesignator=RST
Added Member To Class: ClassName=DMRobotSchematic Member=Component C8 104
Added Member To Class: ClassName=DMRobotSchematic Member=Component C10 104
Added Member To Class: ClassName=DMRobotSchematic Member=Component C11 105
Added Member To Class: ClassName=DMRobotSchematic Member=Component C13 332
Added Member To Class: ClassName=DMRobotSchematic Member=Component C15 226
Added Member To Class: ClassName=DMRobotSchematic Member=Component C16 104
Added Member To Class: ClassName=DMRobotSchematic Member=Component C17 104
Added Member To Class: ClassName=DMRobotSchematic Member=Component C19 106
Added Member To Class: ClassName=DMRobotSchematic Member=Component C20 104
Added Member To Class: ClassName=DMRobotSchematic Member=Component C22 104
Added Member To Class: ClassName=DMRobotSchematic Member=Component C23 104
Added Member To Class: ClassName=DMRobotSchematic Member=Component C25 104
Added Member To Class: ClassName=DMRobotSchematic Member=Component C27 104
Added Member To Class: ClassName=DMRobotSchematic Member=Component C29 104
Added Member To Class: ClassName=DMRobotSchematic Member=Component C30 104
Added Member To Class: ClassName=DMRobotSchematic Member=Component C31 10pF
Added Member To Class: ClassName=DMRobotSchematic Member=Component C34 22uF
Added Member To Class: ClassName=DMRobotSchematic Member=Component R1 47k
Added Member To Class: ClassName=DMRobotSchematic Member=Component R3 10k
Added Member To Class: ClassName=DMRobotSchematic Member=Component R4 100k
Added Member To Class: ClassName=DMRobotSchematic Member=Component R5 10k
Added Member To Class: ClassName=DMRobotSchematic Member=Component R6 22k
Added Member To Class: ClassName=DMRobotSchematic Member=Component R7 220
Added Member To Class: ClassName=DMRobotSchematic Member=Component R9 6.8k
Added Member To Class: ClassName=DMRobotSchematic Member=Component R10 10k
Added Member To Class: ClassName=DMRobotSchematic Member=Component R11 10k
Added Member To Class: ClassName=DMRobotSchematic Member=Component R12 10k
Added Member To Class: ClassName=DMRobotSchematic Member=Component R13 2.2k
Added Member To Class: ClassName=DMRobotSchematic Member=Component R14 2.2k
Added Member To Class: ClassName=DMRobotSchematic Member=Component R15 2.2k
Added Member To Class: ClassName=DMRobotSchematic Member=Component R16 0R
Added Member To Class: ClassName=DMRobotSchematic Member=Component R19 5.1k
Added Member To Class: ClassName=DMRobotSchematic Member=Component R20 30k
Added Member To Class: ClassName=DMRobotSchematic Member=Component R21 10k
Added Member To Class: ClassName=DMRobotSchematic Member=Component R22 10k
Added Member To Class: ClassName=DMRobotSchematic Member=Component R25 0R
