Replace Part *1 ESP32 WROOM 32 in D:\HOC\A\Altium\Du an\2026\DMRobot\DMRobot\DMRobotSchematic.SchDoc with ESP32 WROOM 32 from Altium_Lib_by_KhueNguyenCreator.IntLib
Replace Part C1 Tu Nhom 100uF 25V in D:\HOC\A\Altium\Du an\2026\DMRobot\DMRobot\DMRobotSchematic.SchDoc with Tu Nhom 100uF 25V from Altium_Lib_by_KhueNguyenCreator.IntLib
Replace Part C2 Tu Nhom 100uF 25V in D:\HOC\A\Altium\Du an\2026\DMRobot\DMRobot\DMRobotSchematic.SchDoc with Tu Nhom 100uF 25V from Altium_Lib_by_KhueNguyenCreator.IntLib
Replace Part C3 Tu 0805 224 50V 10% in D:\HOC\A\Altium\Du an\2026\DMRobot\DMRobot\DMRobotSchematic.SchDoc with Tu 0805 224 50V 10% from Altium_Lib_by_KhueNguyenCreator.IntLib
Replace Part C4 Tu 0603 104 50V 10% in D:\HOC\A\Altium\Du an\2026\DMRobot\DMRobot\DMRobotSchematic.SchDoc with Tu 0603 104 50V 10% from Altium_Lib_by_KhueNguyenCreator.IntLib
Replace Part C5 Tu 0603 104 50V 10% in D:\HOC\A\Altium\Du an\2026\DMRobot\DMRobot\DMRobotSchematic.SchDoc with Tu 0603 104 50V 10% from Altium_Lib_by_KhueNguyenCreator.IntLib
Replace Part C6 Tu tantalum 100uF 50V SMD7343 in D:\HOC\A\Altium\Du an\2026\DMRobot\DMRobot\DMRobotSchematic.SchDoc with Tu tantalum 100uF 50V SMD7343 from Altium_Lib_by_KhueNguyenCreator.IntLib
Replace Part C7 Tu 0603 103 50V 10% in D:\HOC\A\Altium\Du an\2026\DMRobot\DMRobot\DMRobotSchematic.SchDoc with Tu 0603 103 50V 10% from Altium_Lib_by_KhueNguyenCreator.IntLib
Replace Part C8 Tu tantalum 10uF 16V SMD3216 in D:\HOC\A\Altium\Du an\2026\DMRobot\DMRobot\DMRobotSchematic.SchDoc with Tu tantalum 10uF 16V SMD3216 from Altium_Lib_by_KhueNguyenCreator.IntLib
Replace Part C9 Tu 0603 106 16V 20% in D:\HOC\A\Altium\Du an\2026\DMRobot\DMRobot\DMRobotSchematic.SchDoc with Tu 0603 106 16V 20% from Altium_Lib_by_KhueNguyenCreator.IntLib
Replace Part C10 Tu 0603 104 50V 10% in D:\HOC\A\Altium\Du an\2026\DMRobot\DMRobot\DMRobotSchematic.SchDoc with Tu 0603 104 50V 10% from Altium_Lib_by_KhueNguyenCreator.IntLib
Replace Part C11 Tu 0603 104 50V 10% in D:\HOC\A\Altium\Du an\2026\DMRobot\DMRobot\DMRobotSchematic.SchDoc with Tu 0603 104 50V 10% from Altium_Lib_by_KhueNguyenCreator.IntLib
Replace Part C12 Tu 0603 105 50V 10% in D:\HOC\A\Altium\Du an\2026\DMRobot\DMRobot\DMRobotSchematic.SchDoc with Tu 0603 105 50V 10% from Altium_Lib_by_KhueNguyenCreator.IntLib
Replace Part C13 Tu 0603 102 50V 10% in D:\HOC\A\Altium\Du an\2026\DMRobot\DMRobot\DMRobotSchematic.SchDoc with Tu 0603 102 50V 10% from Altium_Lib_by_KhueNguyenCreator.IntLib
Replace Part C14 Tu 0805 332 50V 10% in D:\HOC\A\Altium\Du an\2026\DMRobot\DMRobot\DMRobotSchematic.SchDoc with Tu 0805 332 50V 10% from Altium_Lib_by_KhueNguyenCreator.IntLib
Replace Part C15 Tu 1206 226 16V 20% in D:\HOC\A\Altium\Du an\2026\DMRobot\DMRobot\DMRobotSchematic.SchDoc with Tu 1206 226 16V 20% from Altium_Lib_by_KhueNguyenCreator.IntLib
Replace Part C16 Tu 1206 226 16V 20% in D:\HOC\A\Altium\Du an\2026\DMRobot\DMRobot\DMRobotSchematic.SchDoc with Tu 1206 226 16V 20% from Altium_Lib_by_KhueNguyenCreator.IntLib
Replace Part C17 Tu 0603 104 50V 10% in D:\HOC\A\Altium\Du an\2026\DMRobot\DMRobot\DMRobotSchematic.SchDoc with Tu 0603 104 50V 10% from Altium_Lib_by_KhueNguyenCreator.IntLib
Replace Part C18 Tu 0603 104 50V 10% in D:\HOC\A\Altium\Du an\2026\DMRobot\DMRobot\DMRobotSchematic.SchDoc with Tu 0603 104 50V 10% from Altium_Lib_by_KhueNguyenCreator.IntLib
Replace Part C19 Tu 0603 105 50V 10% in D:\HOC\A\Altium\Du an\2026\DMRobot\DMRobot\DMRobotSchematic.SchDoc with Tu 0603 105 50V 10% from Altium_Lib_by_KhueNguyenCreator.IntLib
Replace Part C20 Tu 0603 106 16V 20% in D:\HOC\A\Altium\Du an\2026\DMRobot\DMRobot\DMRobotSchematic.SchDoc with Tu 0603 106 16V 20% from Altium_Lib_by_KhueNguyenCreator.IntLib
Replace Part C21 Tu 0603 106 16V 20% in D:\HOC\A\Altium\Du an\2026\DMRobot\DMRobot\DMRobotSchematic.SchDoc with Tu 0603 106 16V 20% from Altium_Lib_by_KhueNguyenCreator.IntLib
Replace Part C22 Tu 0603 104 50V 10% in D:\HOC\A\Altium\Du an\2026\DMRobot\DMRobot\DMRobotSchematic.SchDoc with Tu 0603 104 50V 10% from Altium_Lib_by_KhueNguyenCreator.IntLib
Replace Part C23 Tu 0603 106 16V 20% in D:\HOC\A\Altium\Du an\2026\DMRobot\DMRobot\DMRobotSchematic.SchDoc with Tu 0603 106 16V 20% from Altium_Lib_by_KhueNguyenCreator.IntLib
Replace Part C24 Tu 0603 104 50V 10% in D:\HOC\A\Altium\Du an\2026\DMRobot\DMRobot\DMRobotSchematic.SchDoc with Tu 0603 104 50V 10% from Altium_Lib_by_KhueNguyenCreator.IntLib
Replace Part C25 Tu 0603 104 50V 10% in D:\HOC\A\Altium\Du an\2026\DMRobot\DMRobot\DMRobotSchematic.SchDoc with Tu 0603 104 50V 10% from Altium_Lib_by_KhueNguyenCreator.IntLib
Replace Part C26 Tu Nhom 22uF 25V in D:\HOC\A\Altium\Du an\2026\DMRobot\DMRobot\DMRobotSchematic.SchDoc with Tu Nhom 22uF 25V from Altium_Lib_by_KhueNguyenCreator.IntLib
Replace Part C27 Tu 0603 104 50V 10% in D:\HOC\A\Altium\Du an\2026\DMRobot\DMRobot\DMRobotSchematic.SchDoc with Tu 0603 104 50V 10% from Altium_Lib_by_KhueNguyenCreator.IntLib
Replace Part C28 Tu 0603 106 16V 20% in D:\HOC\A\Altium\Du an\2026\DMRobot\DMRobot\DMRobotSchematic.SchDoc with Tu 0603 106 16V 20% from Altium_Lib_by_KhueNguyenCreator.IntLib
Replace Part C29 Tu 0603 104 50V 10% in D:\HOC\A\Altium\Du an\2026\DMRobot\DMRobot\DMRobotSchematic.SchDoc with Tu 0603 104 50V 10% from Altium_Lib_by_KhueNguyenCreator.IntLib
Replace Part C30 Tu 0603 104 50V 10% in D:\HOC\A\Altium\Du an\2026\DMRobot\DMRobot\DMRobotSchematic.SchDoc with Tu 0603 104 50V 10% from Altium_Lib_by_KhueNguyenCreator.IntLib
Replace Part C31 Tu 0603 104 50V 10% in D:\HOC\A\Altium\Du an\2026\DMRobot\DMRobot\DMRobotSchematic.SchDoc with Tu 0603 104 50V 10% from Altium_Lib_by_KhueNguyenCreator.IntLib
Replace Part C32 Tu 0603 104 50V 10% in D:\HOC\A\Altium\Du an\2026\DMRobot\DMRobot\DMRobotSchematic.SchDoc with Tu 0603 104 50V 10% from Altium_Lib_by_KhueNguyenCreator.IntLib
Replace Part C33 Tu 0603 104 50V 10% in D:\HOC\A\Altium\Du an\2026\DMRobot\DMRobot\DMRobotSchematic.SchDoc with Tu 0603 104 50V 10% from Altium_Lib_by_KhueNguyenCreator.IntLib
Replace Part C34 Tu Nhom 22uF 25V in D:\HOC\A\Altium\Du an\2026\DMRobot\DMRobot\DMRobotSchematic.SchDoc with Tu Nhom 22uF 25V from Altium_Lib_by_KhueNguyenCreator.IntLib
Replace Part C35 Tu 0603 104 50V 10% in D:\HOC\A\Altium\Du an\2026\DMRobot\DMRobot\DMRobotSchematic.SchDoc with Tu 0603 104 50V 10% from Altium_Lib_by_KhueNguyenCreator.IntLib
Replace Part C36 Tu 0805 22pF 50V 10% in D:\HOC\A\Altium\Du an\2026\DMRobot\DMRobot\DMRobotSchematic.SchDoc with Tu 0805 22pF 50V 10% from MCU_FINAL.IntLib
Replace Part C37 Tu 0805 22pF 50V 10% in D:\HOC\A\Altium\Du an\2026\DMRobot\DMRobot\DMRobotSchematic.SchDoc with Tu 0805 22pF 50V 10% from MCU_FINAL.IntLib
Replace Part D1 Diode Zener in D:\HOC\A\Altium\Du an\2026\DMRobot\DMRobot\DMRobotSchematic.SchDoc with Diode Zener from MCU_FINAL.IntLib
Replace Part D2 Diode SS34 ( 1N5822 ) in D:\HOC\A\Altium\Du an\2026\DMRobot\DMRobot\DMRobotSchematic.SchDoc with Diode SS34 ( 1N5822 ) from Altium_Lib_by_KhueNguyenCreator.IntLib
Replace Part E1 LI0805H121R-10 in D:\HOC\A\Altium\Du an\2026\DMRobot\DMRobot\DMRobotSchematic.SchDoc with LI0805H121R-10 from MCU_FINAL.IntLib
Replace Part F1 Cau chi tu phuc hoi 2A 24V SMD1812 in D:\HOC\A\Altium\Du an\2026\DMRobot\DMRobot\DMRobotSchematic.SchDoc with Cau chi tu phuc hoi 2A 24V SMD1812 from Altium_Lib_by_KhueNguyenCreator.IntLib
Replace Part H1 Header 2P 2.54 Duc Thang in D:\HOC\A\Altium\Du an\2026\DMRobot\DMRobot\DMRobotSchematic.SchDoc with Header 2P 2.54 Duc Thang from Altium_Lib_by_KhueNguyenCreator.IntLib
Replace Part H2 Header 4P 2.54 Duc Thang in D:\HOC\A\Altium\Du an\2026\DMRobot\DMRobot\DMRobotSchematic.SchDoc with Header 4P 2.54 Duc Thang from Altium_Lib_by_KhueNguyenCreator.IntLib
Replace Part H3 Header 2P 2.54 Duc Thang in D:\HOC\A\Altium\Du an\2026\DMRobot\DMRobot\DMRobotSchematic.SchDoc with Header 2P 2.54 Duc Thang from Altium_Lib_by_KhueNguyenCreator.IntLib
Replace Part H4 Header 4P 2.54 Duc Thang in D:\HOC\A\Altium\Du an\2026\DMRobot\DMRobot\DMRobotSchematic.SchDoc with Header 4P 2.54 Duc Thang from Altium_Lib_by_KhueNguyenCreator.IntLib
Replace Part JACK DC1 JACK DC 5.5 in D:\HOC\A\Altium\Du an\2026\DMRobot\DMRobot\DMRobotSchematic.SchDoc with JACK DC 5.5 from Altium_Lib_by_KhueNguyenCreator.IntLib
Replace Part JP1 JP 1x4 2.54 Duc Thang in D:\HOC\A\Altium\Du an\2026\DMRobot\DMRobot\DMRobotSchematic.SchDoc with JP 1x4 2.54 Duc Thang from Altium_Lib_by_KhueNguyenCreator.IntLib
Replace Part L1 CUON CAM 100uH SMD in D:\HOC\A\Altium\Du an\2026\DMRobot\DMRobot\DMRobotSchematic.SchDoc with CUON CAM 100uH SMD from Altium_Lib_by_KhueNguyenCreator.IntLib
Replace Part L2 LED 0805 Do in D:\HOC\A\Altium\Du an\2026\DMRobot\DMRobot\DMRobotSchematic.SchDoc with LED 0805 Do from Altium_Lib_by_KhueNguyenCreator.IntLib
Replace Part L3 LED 0805 Do in D:\HOC\A\Altium\Du an\2026\DMRobot\DMRobot\DMRobotSchematic.SchDoc with LED 0805 Do from Altium_Lib_by_KhueNguyenCreator.IntLib
Replace Part L4 LED 0805 Xanh La in D:\HOC\A\Altium\Du an\2026\DMRobot\DMRobot\DMRobotSchematic.SchDoc with LED 0805 Xanh La from Altium_Lib_by_KhueNguyenCreator.IntLib
Replace Part L5 LED 0805 Vang in D:\HOC\A\Altium\Du an\2026\DMRobot\DMRobot\DMRobotSchematic.SchDoc with LED 0805 Vang from Altium_Lib_by_KhueNguyenCreator.IntLib
Replace Part Q1 Mosfet P in D:\HOC\A\Altium\Du an\2026\DMRobot\DMRobot\DMRobotSchematic.SchDoc with Mosfet P from POWER_BOARD_FINAL.IntLib
Update Managed Component Q2 From CMP-20235-000001-1[SS8050-G] To CMP-20235-000001-1[SS8050-G] in DMRobotSchematic.SchDoc
Update Managed Component Q3 From CMP-20235-000001-1[SS8050-G] To CMP-20235-000001-1[SS8050-G] in DMRobotSchematic.SchDoc
Replace Part R1 Tro 0603 5% 100k in D:\HOC\A\Altium\Du an\2026\DMRobot\DMRobot\DMRobotSchematic.SchDoc with Tro 0603 5% 100k from Altium_Lib_by_KhueNguyenCreator.IntLib
Replace Part R2 Tro 0603 5% 100k in D:\HOC\A\Altium\Du an\2026\DMRobot\DMRobot\DMRobotSchematic.SchDoc with Tro 0603 5% 100k from Altium_Lib_by_KhueNguyenCreator.IntLib
Replace Part R3 Tro 0603 5% 10k in D:\HOC\A\Altium\Du an\2026\DMRobot\DMRobot\DMRobotSchematic.SchDoc with Tro 0603 5% 10k from Altium_Lib_by_KhueNguyenCreator.IntLib
Replace Part R4 Tro 0805 5% 27k in D:\HOC\A\Altium\Du an\2026\DMRobot\DMRobot\DMRobotSchematic.SchDoc with Tro 0805 5% 27k from Altium_Lib_by_KhueNguyenCreator.IntLib
Replace Part R5 Tro 0805 5% 6.8k in D:\HOC\A\Altium\Du an\2026\DMRobot\DMRobot\DMRobotSchematic.SchDoc with Tro 0805 5% 6.8k from Altium_Lib_by_KhueNguyenCreator.IntLib
Replace Part R6 Tro 0603 5% 10k in D:\HOC\A\Altium\Du an\2026\DMRobot\DMRobot\DMRobotSchematic.SchDoc with Tro 0603 5% 10k from Altium_Lib_by_KhueNguyenCreator.IntLib
Replace Part R7 Tro 0603 5% 10k in D:\HOC\A\Altium\Du an\2026\DMRobot\DMRobot\DMRobotSchematic.SchDoc with Tro 0603 5% 10k from Altium_Lib_by_KhueNguyenCreator.IntLib
Replace Part R8 Tro 0603 5% 10k in D:\HOC\A\Altium\Du an\2026\DMRobot\DMRobot\DMRobotSchematic.SchDoc with Tro 0603 5% 10k from Altium_Lib_by_KhueNguyenCreator.IntLib
Replace Part R9 Tro 0603 5% 10k in D:\HOC\A\Altium\Du an\2026\DMRobot\DMRobot\DMRobotSchematic.SchDoc with Tro 0603 5% 10k from Altium_Lib_by_KhueNguyenCreator.IntLib
Replace Part R10 Tro 0603 5% 2.2k in D:\HOC\A\Altium\Du an\2026\DMRobot\DMRobot\DMRobotSchematic.SchDoc with Tro 0603 5% 2.2k from Altium_Lib_by_KhueNguyenCreator.IntLib
Replace Part R11 Tro 0603 5% 2.2k in D:\HOC\A\Altium\Du an\2026\DMRobot\DMRobot\DMRobotSchematic.SchDoc with Tro 0603 5% 2.2k from Altium_Lib_by_KhueNguyenCreator.IntLib
Replace Part R12 Tro 0603 5% 2.2k in D:\HOC\A\Altium\Du an\2026\DMRobot\DMRobot\DMRobotSchematic.SchDoc with Tro 0603 5% 2.2k from Altium_Lib_by_KhueNguyenCreator.IntLib
Replace Part R13 Tro 0805 1% 5.1k in D:\HOC\A\Altium\Du an\2026\DMRobot\DMRobot\DMRobotSchematic.SchDoc with Tro 0805 1% 5.1k from Altium_Lib_by_KhueNguyenCreator.IntLib
Replace Part R14 Tro 0805 1% 5.1k in D:\HOC\A\Altium\Du an\2026\DMRobot\DMRobot\DMRobotSchematic.SchDoc with Tro 0805 1% 5.1k from Altium_Lib_by_KhueNguyenCreator.IntLib
Replace Part R15 Tro 0805 5% 30k in D:\HOC\A\Altium\Du an\2026\DMRobot\DMRobot\DMRobotSchematic.SchDoc with Tro 0805 5% 30k from Altium_Lib_by_KhueNguyenCreator.IntLib
Replace Part R16 Tro 0603 5% 10k in D:\HOC\A\Altium\Du an\2026\DMRobot\DMRobot\DMRobotSchematic.SchDoc with Tro 0603 5% 10k from Altium_Lib_by_KhueNguyenCreator.IntLib
Replace Part R17 Tro 0603 5% 10k in D:\HOC\A\Altium\Du an\2026\DMRobot\DMRobot\DMRobotSchematic.SchDoc with Tro 0603 5% 10k from Altium_Lib_by_KhueNguyenCreator.IntLib
Replace Part R18 Tro 0603 5% 10k in D:\HOC\A\Altium\Du an\2026\DMRobot\DMRobot\DMRobotSchematic.SchDoc with Tro 0603 5% 10k from Altium_Lib_by_KhueNguyenCreator.IntLib
Replace Part R19 Tro 0805 5% 0R in D:\HOC\A\Altium\Du an\2026\DMRobot\DMRobot\DMRobotSchematic.SchDoc with Tro 0805 5% 0R from Altium_Lib_by_KhueNguyenCreator.IntLib
Replace Part R20 Tro 0805 5% 0R in D:\HOC\A\Altium\Du an\2026\DMRobot\DMRobot\DMRobotSchematic.SchDoc with Tro 0805 5% 0R from Altium_Lib_by_KhueNguyenCreator.IntLib
Replace Part R21 Tro 0805 5% 30k in D:\HOC\A\Altium\Du an\2026\DMRobot\DMRobot\DMRobotSchematic.SchDoc with Tro 0805 5% 30k from Altium_Lib_by_KhueNguyenCreator.IntLib
Replace Part R22 Tro 0603 5% 10k in D:\HOC\A\Altium\Du an\2026\DMRobot\DMRobot\DMRobotSchematic.SchDoc with Tro 0603 5% 10k from Altium_Lib_by_KhueNguyenCreator.IntLib
Replace Part U1 MP2307DN-HW-LF-P in D:\HOC\A\Altium\Du an\2026\DMRobot\DMRobot\DMRobotSchematic.SchDoc with MP2307DN-HW-LF-P from POWER_BOARD_FINAL.IntLib
Replace Part U2 IC_STM32F103C8T6 in D:\HOC\A\Altium\Du an\2026\DMRobot\DMRobot\DMRobotSchematic.SchDoc with IC_STM32F103C8T6 from Altium_Lib_by_KhueNguyenCreator.IntLib
Replace Part U3 IC_DRV8871DDARQ1 in D:\HOC\A\Altium\Du an\2026\DMRobot\DMRobot\DMRobotSchematic.SchDoc with IC_DRV8871DDARQ1 from Altium_Lib_by_KhueNguyenCreator.IntLib
Replace Part U5 IC_DRV8871DDARQ1 in D:\HOC\A\Altium\Du an\2026\DMRobot\DMRobot\DMRobotSchematic.SchDoc with IC_DRV8871DDARQ1 from Altium_Lib_by_KhueNguyenCreator.IntLib
Replace Part Y1 Thach Anh 2 chan SMD 5032 in D:\HOC\A\Altium\Du an\2026\DMRobot\DMRobot\DMRobotSchematic.SchDoc with Thach Anh 2 chan SMD 5032 from Altium_Lib_by_KhueNguyenCreator.IntLib
