Added Component: Designator=U4(SOIC16_50_284_25X90_SMT)
Add component (AddParameter): Name = "Alternate Part Number-1"; Value = "NA"; VariantName = "[No Variations]"
Add component (AddParameter): Name = "Case/Package"; Value = "SOIC16"; VariantName = "[No Variations]"
Add component (AddParameter): Name = "Manufacturer"; Value = "Olimex"; VariantName = "[No Variations]"
Add component (AddParameter): Name = "Manufacturer Part Number"; Value = "CH340C"; VariantName = "[No Variations]"
Add component (AddParameter): Name = "Supplier Part Number-1"; Value = "C84681"; VariantName = "[No Variations]"
Add component (AddParameter): Name = "Supplier-1"; Value = "LCSC"; VariantName = "[No Variations]"
Added Pin To Net: NetName=TXD Pin=U4-2
Added Pin To Net: NetName=RXD Pin=U4-3
Added Pin To Net: NetName=NetC23_1 Pin=U4-4
Added Pin To Net: NetName=USB_P Pin=U4-5
Added Pin To Net: NetName=USB_N Pin=U4-6
Added Pin To Net: NetName=DTR Pin=U4-13
Added Pin To Net: NetName=RTS Pin=U4-14
Added Pin To Net: NetName=3.3V Pin=U4-16
Added Member To Class: ClassName=DMRobotSchematic Member=Component C5 22uf
Added Member To Class: ClassName=DMRobotSchematic Member=Component C8 100uF
Added Member To Class: ClassName=DMRobotSchematic Member=Component C21 106
Added Member To Class: ClassName=DMRobotSchematic Member=Component C22 104
Added Member To Class: ClassName=DMRobotSchematic Member=Component C23 104
Added Member To Class: ClassName=DMRobotSchematic Member=Component C24 22uF
Added Member To Class: ClassName=DMRobotSchematic Member=Component C26 104
Added Member To Class: ClassName=DMRobotSchematic Member=Component C27 104
Added Member To Class: ClassName=DMRobotSchematic Member=Component C28 104
Added Member To Class: ClassName=DMRobotSchematic Member=Component C29 104
Added Member To Class: ClassName=DMRobotSchematic Member=Component H4 MOTOR
Added Member To Class: ClassName=DMRobotSchematic Member=Component H5 ENCODER
Added Member To Class: ClassName=DMRobotSchematic Member=Component R15 5.1k
Added Member To Class: ClassName=DMRobotSchematic Member=Component R16 5.1k
Added Member To Class: ClassName=DMRobotSchematic Member=Component R17 30k
Added Member To Class: ClassName=DMRobotSchematic Member=Component R18 10k
Added Member To Class: ClassName=DMRobotSchematic Member=Component U4 CH340C
