Change Component Designator: OldDesignator=R6 NewDesignator=R5
Change Component Designator: OldDesignator=R7 NewDesignator=R6
Change Component Designator: OldDesignator=R8 NewDesignator=R7
Change Component Designator: OldDesignator=R9 NewDesignator=R8
Change Component Designator: OldDesignator=R10 NewDesignator=R9
Change Component Designator: OldDesignator=R11 NewDesignator=R10
Change Component Designator: OldDesignator=R12 NewDesignator=R11
Change Component Designator: OldDesignator=R13 NewDesignator=R12
Change Component Designator: OldDesignator=R14 NewDesignator=R13
Change Component Designator: OldDesignator=R15 NewDesignator=R14
Change Component Designator: OldDesignator=R16 NewDesignator=R15
Change Component Designator: OldDesignator=R17 NewDesignator=R16
Change Component Designator: OldDesignator=R18 NewDesignator=R17
Change Component Designator: OldDesignator=R19 NewDesignator=R18
Change Component Designator: OldDesignator=R20 NewDesignator=R19
Change Component Designator: OldDesignator=R21 NewDesignator=R20
Change Component Designator: OldDesignator=R22 NewDesignator=R21
Change Component Designator: OldDesignator=R23 NewDesignator=R22
Change Net Name : Old Net Name=NetR16_2 New Net Name=NetR15_2
Change Net Name : Old Net Name=NetR22_2 New Net Name=NetR21_2
Added Member To Class: ClassName=DMRobotSchematic Member=Component R7 10k
Added Member To Class: ClassName=DMRobotSchematic Member=Component R9 10k
Added Member To Class: ClassName=DMRobotSchematic Member=Component R11 2.2k
Added Member To Class: ClassName=DMRobotSchematic Member=Component R12 2.2k
Added Member To Class: ClassName=DMRobotSchematic Member=Component R13 5.1k
Added Member To Class: ClassName=DMRobotSchematic Member=Component R16 10k
Added Member To Class: ClassName=DMRobotSchematic Member=Component R18 10k
Added Member To Class: ClassName=DMRobotSchematic Member=Component R20 0R
Added Member To Class: ClassName=DMRobotSchematic Member=Component R21 30k
