Removed Pin From Net: NetName=3.3V Pin=C3-1
Removed Pin From Net: NetName=GND Pin=C3-2
Removed Pin From Net: NetName=8.4V Pin=C5-1
Removed Pin From Net: NetName=GND Pin=C5-2
Removed Pin From Net: NetName=8.4V Pin=C9-1
Removed Pin From Net: NetName=GND Pin=C9-2
Removed Pin From Net: NetName=GND Pin=C10-1
Removed Pin From Net: NetName=SS_NET Pin=C10-2
Removed Pin From Net: NetName=8.4V Pin=C11-1
Removed Pin From Net: NetName=GND Pin=C11-2
Removed Pin From Net: NetName=8.4V Pin=C12-1
Removed Pin From Net: NetName=GND Pin=C12-2
Removed Pin From Net: NetName=COMP_NET Pin=C13-1
Removed Pin From Net: NetName=BOOT Pin=C18-1
Removed Pin From Net: NetName=EN Pin=C19-1
Removed Pin From Net: NetName=3.3V Pin=C20-1
Removed Pin From Net: NetName=GND Pin=C20-2
Removed Pin From Net: NetName=GND Pin=C21-2
Removed Pin From Net: NetName=GND Pin=C22-2
Removed Pin From Net: NetName=3.3V Pin=C23-1
Removed Pin From Net: NetName=GND Pin=C23-2
Removed Pin From Net: NetName=3.3V Pin=C24-1
Removed Pin From Net: NetName=GND Pin=C24-2
Removed Pin From Net: NetName=GND Pin=C25-2
Removed Pin From Net: NetName=8.4V Pin=C27-1
Removed Pin From Net: NetName=GND Pin=C27-2
Removed Pin From Net: NetName=3.3V Pin=C28-1
Removed Pin From Net: NetName=GND Pin=C28-2
Removed Pin From Net: NetName=3.3V Pin=C29-1
Removed Pin From Net: NetName=GND Pin=C29-2
Removed Pin From Net: NetName=3.3V Pin=C30-1
Removed Pin From Net: NetName=GND Pin=C30-2
Removed Pin From Net: NetName=3.3V Pin=C31-1
Removed Pin From Net: NetName=GND Pin=C31-2
Removed Pin From Net: NetName=MCU_nRESET Pin=C32-1
Removed Pin From Net: NetName=GND Pin=C32-2
Removed Pin From Net: NetName=8.4V Pin=C34-1
Removed Pin From Net: NetName=GND Pin=C34-2
Removed Pin From Net: NetName=GND Pin=J1-A1_B12
Removed Pin From Net: NetName=GND Pin=J1-B1_A12
Removed Pin From Net: NetName=GND Pin=J1-S1
Removed Pin From Net: NetName=GND Pin=J1-S2
Removed Pin From Net: NetName=GND Pin=J1-S3
Removed Pin From Net: NetName=GND Pin=J1-S4
Removed Pin From Net: NetName=MCU_SWDIO Pin=JP1-2
Removed Pin From Net: NetName=MCU_SWCLK Pin=JP1-3
Removed Pin From Net: NetName=GND Pin=JP1-4
Removed Pin From Net: NetName=EN Pin=Q2-3
Removed Pin From Net: NetName=BOOT Pin=Q3-3
Removed Pin From Net: NetName=NetL2_1 Pin=R3-1
Removed Pin From Net: NetName=3.3V Pin=R3-2
Removed Pin From Net: NetName=3.3V Pin=R4-2
Removed Pin From Net: NetName=GND Pin=R6-1
Removed Pin From Net: NetName=FB_NET Pin=R6-2
Removed Pin From Net: NetName=EN Pin=R7-1
Removed Pin From Net: NetName=3.3V Pin=R7-2
Removed Pin From Net: NetName=EN Pin=R8-1
Removed Pin From Net: NetName=3.3V Pin=R8-2
Removed Pin From Net: NetName=BOOT Pin=R9-1
Removed Pin From Net: NetName=MCU_ERR_LED_K Pin=R10-1
Removed Pin From Net: NetName=MCU_RUN_LED_K Pin=R11-1
Removed Pin From Net: NetName=MCU_RUN_LED Pin=R11-2
Removed Pin From Net: NetName=MCU_WIFI_LED_K Pin=R12-1
Removed Pin From Net: NetName=GND Pin=R13-1
Removed Pin From Net: NetName=GND Pin=R14-1
Removed Pin From Net: NetName=MCU_nRESET Pin=R16-1
Removed Pin From Net: NetName=3.3V Pin=R16-2
Removed Pin From Net: NetName=GND Pin=R17-1
Removed Pin From Net: NetName=MCU_BOOT0 Pin=R17-2
Removed Pin From Net: NetName=ESP_TXD0 Pin=R19-1
Removed Pin From Net: NetName=ESP_RXD0 Pin=R20-1
Removed Pin From Net: NetName=GND Pin=R21-1
Removed Pin From Net: NetName=3.3V Pin=U4-16
Removed Member From Class: ClassName=DMRobotSchematic Member=C32
Removed Member From Class: ClassName=DMRobotSchematic Member=C33
Removed Member From Class: ClassName=DMRobotSchematic Member=C34
Removed Member From Class: ClassName=DMRobotSchematic Member=C35
Removed Member From Class: ClassName=DMRobotSchematic Member=C36
Removed Member From Class: ClassName=DMRobotSchematic Member=J1
Removed Member From Class: ClassName=DMRobotSchematic Member=JP1
Removed Member From Class: ClassName=DMRobotSchematic Member=Q2
Removed Member From Class: ClassName=DMRobotSchematic Member=Q3
Removed Member From Class: ClassName=DMRobotSchematic Member=R19
Removed Member From Class: ClassName=DMRobotSchematic Member=R22
Removed Member From Class: ClassName=DMRobotSchematic Member=U5
Change Component Footprint: Designator=R1 Old Footprint=tro smd 0603 New Footprint=tro smd 0805
Change Component Footprint: Designator=R2 Old Footprint=tro smd 0603 New Footprint=tro smd 0805
Change Component Footprint: Designator=R3 Old Footprint=tro smd 0603 New Footprint=tro smd 0805
Change Component Footprint: Designator=R6 Old Footprint=tro smd 0603 New Footprint=Tro SMD 0805
Change Component Footprint: Designator=R8 Old Footprint=tro smd 0603 New Footprint=tro smd 0805
Change Component Footprint: Designator=R9 Old Footprint=tro smd 0603 New Footprint=tro smd 0805
Change Component Footprint: Designator=R10 Old Footprint=tro smd 0603 New Footprint=tro smd 0805
Change Component Footprint: Designator=R11 Old Footprint=tro smd 0603 New Footprint=tro smd 0805
Change Component Footprint: Designator=R12 Old Footprint=tro smd 0603 New Footprint=tro smd 0805
Change Component Footprint: Designator=R16 Old Footprint=tro smd 0603 New Footprint=tro smd 0805
Change Component Footprint: Designator=R17 Old Footprint=tro smd 0603 New Footprint=tro smd 0805
Change Component Footprint: Designator=R18 Old Footprint=tro smd 0603 New Footprint=tro smd 0805
Change Component Footprint: Designator=C4 Old Footprint=tu 0603 New Footprint=tu 0805
Change Component Footprint: Designator=C5 Old Footprint=tu 0603 New Footprint=tu 0805
Change Component Footprint: Designator=C8 Old Footprint=tu 0603 New Footprint=tu 0805
Change Component Footprint: Designator=C10 Old Footprint=tu 0603 New Footprint=tu 0805
Change Component Footprint: Designator=C11 Old Footprint=tu 0603 New Footprint=tu 0805
Change Component Footprint: Designator=C17 Old Footprint=tu 0603 New Footprint=tu 0805
Change Component Footprint: Designator=C18 Old Footprint=tu 0603 New Footprint=tu 0805
Change Component Footprint: Designator=C19 Old Footprint=tu 0603 New Footprint=tu 0805
Change Component Footprint: Designator=C20 Old Footprint=tu 0603 New Footprint=tu 0805
Change Component Footprint: Designator=C22 Old Footprint=tu 0603 New Footprint=tu 0805
Change Component Footprint: Designator=C23 Old Footprint=tu 0603 New Footprint=tu 0805
Change Component Footprint: Designator=C24 Old Footprint=tu 0603 New Footprint=tu 0805
Change Component Footprint: Designator=C25 Old Footprint=tu 0603 New Footprint=tu 0805
Change Component Footprint: Designator=C27 Old Footprint=tu 0603 New Footprint=tu 0805
Change Component Footprint: Designator=C29 Old Footprint=tu 0603 New Footprint=tu 0805
Change Component Footprint: Designator=C7 Old Footprint=tu 0603 New Footprint=tu 1206
Change Component Footprint: Designator=C9 Old Footprint=tu tantalum smd3216 New Footprint=tu 0805
Change Component Comment : Designator=R10 Old Comment=2.2k New Comment=10k
Change Component Comment : Designator=R11 Old Comment=2.2k New Comment=10k
Change Component Comment : Designator=R13 Old Comment=5.1k New Comment=2.2k
Change Component Comment : Designator=R14 Old Comment=5.1k New Comment=2.2k
Change Component Comment : Designator=R6 Old Comment=10k New Comment=3.9k
Change Component Comment : Designator=R18 Old Comment=10k New Comment=30k
Change Component Comment : Designator=C9 Old Comment=10uF New Comment=104
Change Component Comment : Designator=R4 Old Comment=27k New Comment=22k
Change Component Comment : Designator=C10 Old Comment=104 New Comment=105
Change Component Comment : Designator=C17 Old Comment=104 New Comment=105
Change Component Comment : Designator=C18 Old Comment=104 New Comment=106
Change Component Comment : Designator=C8 Old Comment=105 New Comment=106
Change Component Comment : Designator=C19 Old Comment=105 New Comment=106
Change Component Comment : Designator=C11 Old Comment=106 New Comment=102
Change Component Comment : Designator=C20 Old Comment=106 New Comment=104
Change Component Comment : Designator=C23 Old Comment=106 New Comment=104
Change Component Comment : Designator=C3 Old Comment=224 New Comment=22uf
Change Component Designator: OldDesignator=C14 NewDesignator=C12
Change Component Designator: OldDesignator=C15 NewDesignator=C13
Change Component Designator: OldDesignator=C16 NewDesignator=C14
Change Component Designator: OldDesignator=C26 NewDesignator=C21
Change Component Designator: OldDesignator=C33 NewDesignator=C28
Change Component Designator: OldDesignator=C35 NewDesignator=C30
Change Component Designator: OldDesignator=C36 NewDesignator=C31
Change Component Designator: OldDesignator=H1 NewDesignator=H2
Change Component Designator: OldDesignator=H2 NewDesignator=H3
Change Component Designator: OldDesignator=H3 NewDesignator=H5
Change Component Designator: OldDesignator=H4 NewDesignator=H6
Change Component Designator: OldDesignator=R5 NewDesignator=R7
Change Component Designator: OldDesignator=U5 NewDesignator=U4
Change component parameters: Designator = "C3" ("C3"); Footprint = "tu 0805"; UniqueID = "\UXQCFDBV" ("\UXQCFDBV")
Change component parameters (AddParameter): Name = "Chung_Loai"; Value = "D·n"; VariantName = "[No Variations]"
Change component parameters (AddParameter): Name = "Don_Vi"; Value = "Con"; VariantName = "[No Variations]"
Change component parameters (AddParameter): Name = "Kieu_Chan"; Value = ""; VariantName = "[No Variations]"
Change component parameters (AddParameter): Name = "Ma_Hang"; Value = "MH004557"; VariantName = "[No Variations]"
Change component parameters (AddParameter): Name = "So_Chan"; Value = "2"; VariantName = "[No Variations]"
Change component parameters (AddParameter): Name = "Ten_Linh_Kien"; Value = "T? 0805 222-2.2nF 10% 50V"; VariantName = "[No Variations]"
Change component parameters: Designator = "C4" ("C4"); Footprint = "tu 0603"; UniqueID = "\YPMSCQTO" ("\YPMSCQTO")
Change component parameters (AddParameter): Name = "Chung_Loai"; Value = "D·n"; VariantName = "[No Variations]"
Change component parameters (AddParameter): Name = "Don_Vi"; Value = "Con"; VariantName = "[No Variations]"
Change component parameters (AddParameter): Name = "Kieu_Chan"; Value = ""; VariantName = "[No Variations]"
Change component parameters (AddParameter): Name = "Ma_Hang"; Value = "MH004551"; VariantName = "[No Variations]"
Change component parameters (AddParameter): Name = "So_Chan"; Value = "2"; VariantName = "[No Variations]"
Change component parameters (AddParameter): Name = "Ten_Linh_Kien"; Value = "T? 0805 104-100nF 10% 50V"; VariantName = "[No Variations]"
Change component parameters: Designator = "C5" ("C5"); Footprint = "tu 0603"; UniqueID = "\ZZWWEHJS" ("\ZZWWEHJS")
Change component parameters (AddParameter): Name = "Chung_Loai"; Value = "D·n"; VariantName = "[No Variations]"
Change component parameters (AddParameter): Name = "Don_Vi"; Value = "Con"; VariantName = "[No Variations]"
Change component parameters (AddParameter): Name = "Kieu_Chan"; Value = ""; VariantName = "[No Variations]"
Change component parameters (AddParameter): Name = "Ma_Hang"; Value = "MH004551"; VariantName = "[No Variations]"
Change component parameters (AddParameter): Name = "So_Chan"; Value = "2"; VariantName = "[No Variations]"
Change component parameters (AddParameter): Name = "Ten_Linh_Kien"; Value = "T? 0805 104-100nF 10% 50V"; VariantName = "[No Variations]"
Change component parameters: Designator = "C7" ("C7"); Footprint = "tu 0603"; UniqueID = "\LAFNEPHQ" ("\LAFNEPHQ")
Change component parameters (AddParameter): Name = "Chung_Loai"; Value = "D·n"; VariantName = "[No Variations]"
Change component parameters (AddParameter): Name = "Don_Vi"; Value = "Con"; VariantName = "[No Variations]"
Change component parameters (AddParameter): Name = "Kieu_Chan"; Value = ""; VariantName = "[No Variations]"
Change component parameters (AddParameter): Name = "Ma_Hang"; Value = "MH004543"; VariantName = "[No Variations]"
Change component parameters (AddParameter): Name = "So_Chan"; Value = "2"; VariantName = "[No Variations]"
Change component parameters (AddParameter): Name = "Ten_Linh_Kien"; Value = "T? 1206 103-10nF 10% 50V"; VariantName = "[No Variations]"
Change component parameters: Designator = "C8" ("C8"); Footprint = "tu 0603"; UniqueID = "\KWCXBRYA" ("\KWCXBRYA")
Change component parameters (AddParameter): Name = "Chung_Loai"; Value = "D·n"; VariantName = "[No Variations]"
Change component parameters (AddParameter): Name = "Don_Vi"; Value = "Con"; VariantName = "[No Variations]"
Change component parameters (AddParameter): Name = "Kieu_Chan"; Value = ""; VariantName = "[No Variations]"
Change component parameters (AddParameter): Name = "Ma_Hang"; Value = "MH004553"; VariantName = "[No Variations]"
Change component parameters (AddParameter): Name = "So_Chan"; Value = "2"; VariantName = "[No Variations]"
Change component parameters (AddParameter): Name = "Ten_Linh_Kien"; Value = "T? 0805 106-10uF 10% 16V"; VariantName = "[No Variations]"
Change component parameters: Designator = "C9" ("C9"); Footprint = "tu tantalum smd3216"; UniqueID = "\WAXDMZTK" ("\WAXDMZTK")
Change component parameters (AddParameter): Name = "Chung_Loai"; Value = "D·n"; VariantName = "[No Variations]"
Change component parameters (AddParameter): Name = "Don_Vi"; Value = "Con"; VariantName = "[No Variations]"
Change component parameters (AddParameter): Name = "Kieu_Chan"; Value = ""; VariantName = "[No Variations]"
Change component parameters (AddParameter): Name = "Ma_Hang"; Value = "MH004551"; VariantName = "[No Variations]"
Change component parameters (AddParameter): Name = "So_Chan"; Value = "2"; VariantName = "[No Variations]"
Change component parameters (AddParameter): Name = "Ten_Linh_Kien"; Value = "T? 0805 104-100nF 10% 50V"; VariantName = "[No Variations]"
Change component parameters: Designator = "C10" ("C10"); Footprint = "tu 0603"; UniqueID = "\OFKTNUAI" ("\OFKTNUAI")
Change component parameters (AddParameter): Name = "Chung_Loai"; Value = "D·n"; VariantName = "[No Variations]"
Change component parameters (AddParameter): Name = "Don_Vi"; Value = "Con"; VariantName = "[No Variations]"
Change component parameters (AddParameter): Name = "Kieu_Chan"; Value = ""; VariantName = "[No Variations]"
Change component parameters (AddParameter): Name = "Ma_Hang"; Value = "MH004552"; VariantName = "[No Variations]"
Change component parameters (AddParameter): Name = "So_Chan"; Value = "2"; VariantName = "[No Variations]"
Change component parameters (AddParameter): Name = "Ten_Linh_Kien"; Value = "T? 0805 105-1uF 10% 50V"; VariantName = "[No Variations]"
Change component parameters: Designator = "C11" ("C11"); Footprint = "tu 0603"; UniqueID = "\YXXJIOEF" ("\YXXJIOEF")
Change component parameters (AddParameter): Name = "Chung_Loai"; Value = "D·n"; VariantName = "[No Variations]"
Change component parameters (AddParameter): Name = "Don_Vi"; Value = "Con"; VariantName = "[No Variations]"
Change component parameters (AddParameter): Name = "Kieu_Chan"; Value = ""; VariantName = "[No Variations]"
Change component parameters (AddParameter): Name = "Ma_Hang"; Value = "MH004549"; VariantName = "[No Variations]"
Change component parameters (AddParameter): Name = "So_Chan"; Value = "2"; VariantName = "[No Variations]"
Change component parameters (AddParameter): Name = "Ten_Linh_Kien"; Value = "T? 0805 102-1nF 10% 50V"; VariantName = "[No Variations]"
Change component parameters: Designator = "C17" ("C17"); Footprint = "tu 0603"; UniqueID = "\RSPGERBL" ("\RSPGERBL")
Change component parameters (AddParameter): Name = "Chung_Loai"; Value = "D·n"; VariantName = "[No Variations]"
Change component parameters (AddParameter): Name = "Don_Vi"; Value = "Con"; VariantName = "[No Variations]"
Change component parameters (AddParameter): Name = "Kieu_Chan"; Value = ""; VariantName = "[No Variations]"
Change component parameters (AddParameter): Name = "Ma_Hang"; Value = "MH004552"; VariantName = "[No Variations]"
Change component parameters (AddParameter): Name = "So_Chan"; Value = "2"; VariantName = "[No Variations]"
Change component parameters (AddParameter): Name = "Ten_Linh_Kien"; Value = "T? 0805 105-1uF 10% 50V"; VariantName = "[No Variations]"
Change component parameters: Designator = "C18" ("C18"); Footprint = "tu 0603"; UniqueID = "\IWEFJRJX" ("\IWEFJRJX")
Change component parameters (AddParameter): Name = "Chung_Loai"; Value = "D·n"; VariantName = "[No Variations]"
Change component parameters (AddParameter): Name = "Don_Vi"; Value = "Con"; VariantName = "[No Variations]"
Change component parameters (AddParameter): Name = "Kieu_Chan"; Value = ""; VariantName = "[No Variations]"
Change component parameters (AddParameter): Name = "Ma_Hang"; Value = "MH004553"; VariantName = "[No Variations]"
Change component parameters (AddParameter): Name = "So_Chan"; Value = "2"; VariantName = "[No Variations]"
Change component parameters (AddParameter): Name = "Ten_Linh_Kien"; Value = "T? 0805 106-10uF 10% 16V"; VariantName = "[No Variations]"
Change component parameters: Designator = "C19" ("C19"); Footprint = "tu 0603"; UniqueID = "\TAQMNUZO" ("\TAQMNUZO")
Change component parameters (AddParameter): Name = "Chung_Loai"; Value = "D·n"; VariantName = "[No Variations]"
Change component parameters (AddParameter): Name = "Don_Vi"; Value = "Con"; VariantName = "[No Variations]"
Change component parameters (AddParameter): Name = "Kieu_Chan"; Value = ""; VariantName = "[No Variations]"
Change component parameters (AddParameter): Name = "Ma_Hang"; Value = "MH004553"; VariantName = "[No Variations]"
Change component parameters (AddParameter): Name = "So_Chan"; Value = "2"; VariantName = "[No Variations]"
Change component parameters (AddParameter): Name = "Ten_Linh_Kien"; Value = "T? 0805 106-10uF 10% 16V"; VariantName = "[No Variations]"
Change component parameters: Designator = "C20" ("C20"); Footprint = "tu 0603"; UniqueID = "\QQUNICOU" ("\QQUNICOU")
Change component parameters (AddParameter): Name = "Chung_Loai"; Value = "D·n"; VariantName = "[No Variations]"
Change component parameters (AddParameter): Name = "Don_Vi"; Value = "Con"; VariantName = "[No Variations]"
Change component parameters (AddParameter): Name = "Kieu_Chan"; Value = ""; VariantName = "[No Variations]"
Change component parameters (AddParameter): Name = "Ma_Hang"; Value = "MH004551"; VariantName = "[No Variations]"
Change component parameters (AddParameter): Name = "So_Chan"; Value = "2"; VariantName = "[No Variations]"
Change component parameters (AddParameter): Name = "Ten_Linh_Kien"; Value = "T? 0805 104-100nF 10% 50V"; VariantName = "[No Variations]"
Change component parameters: Designator = "C22" ("C22"); Footprint = "tu 0603"; UniqueID = "\IVDDTOYO" ("\IVDDTOYO")
Change component parameters (AddParameter): Name = "Chung_Loai"; Value = "D·n"; VariantName = "[No Variations]"
Change component parameters (AddParameter): Name = "Don_Vi"; Value = "Con"; VariantName = "[No Variations]"
Change component parameters (AddParameter): Name = "Kieu_Chan"; Value = ""; VariantName = "[No Variations]"
Change component parameters (AddParameter): Name = "Ma_Hang"; Value = "MH004551"; VariantName = "[No Variations]"
Change component parameters (AddParameter): Name = "So_Chan"; Value = "2"; VariantName = "[No Variations]"
Change component parameters (AddParameter): Name = "Ten_Linh_Kien"; Value = "T? 0805 104-100nF 10% 50V"; VariantName = "[No Variations]"
Change component parameters: Designator = "C23" ("C23"); Footprint = "tu 0603"; UniqueID = "\HLFXXYAM" ("\HLFXXYAM")
Change component parameters (AddParameter): Name = "Chung_Loai"; Value = "D·n"; VariantName = "[No Variations]"
Change component parameters (AddParameter): Name = "Don_Vi"; Value = "Con"; VariantName = "[No Variations]"
Change component parameters (AddParameter): Name = "Kieu_Chan"; Value = ""; VariantName = "[No Variations]"
Change component parameters (AddParameter): Name = "Ma_Hang"; Value = "MH004551"; VariantName = "[No Variations]"
Change component parameters (AddParameter): Name = "So_Chan"; Value = "2"; VariantName = "[No Variations]"
Change component parameters (AddParameter): Name = "Ten_Linh_Kien"; Value = "T? 0805 104-100nF 10% 50V"; VariantName = "[No Variations]"
Change component parameters: Designator = "C24" ("C24"); Footprint = "tu 0603"; UniqueID = "\SQGOTFYB" ("\SQGOTFYB")
Change component parameters (AddParameter): Name = "Chung_Loai"; Value = "D·n"; VariantName = "[No Variations]"
Change component parameters (AddParameter): Name = "Don_Vi"; Value = "Con"; VariantName = "[No Variations]"
Change component parameters (AddParameter): Name = "Kieu_Chan"; Value = ""; VariantName = "[No Variations]"
Change component parameters (AddParameter): Name = "Ma_Hang"; Value = "MH004551"; VariantName = "[No Variations]"
Change component parameters (AddParameter): Name = "So_Chan"; Value = "2"; VariantName = "[No Variations]"
Change component parameters (AddParameter): Name = "Ten_Linh_Kien"; Value = "T? 0805 104-100nF 10% 50V"; VariantName = "[No Variations]"
Change component parameters: Designator = "C25" ("C25"); Footprint = "tu 0603"; UniqueID = "\WKWZSTSF" ("\WKWZSTSF")
Change component parameters (AddParameter): Name = "Chung_Loai"; Value = "D·n"; VariantName = "[No Variations]"
Change component parameters (AddParameter): Name = "Don_Vi"; Value = "Con"; VariantName = "[No Variations]"
Change component parameters (AddParameter): Name = "Kieu_Chan"; Value = ""; VariantName = "[No Variations]"
Change component parameters (AddParameter): Name = "Ma_Hang"; Value = "MH004551"; VariantName = "[No Variations]"
Change component parameters (AddParameter): Name = "So_Chan"; Value = "2"; VariantName = "[No Variations]"
Change component parameters (AddParameter): Name = "Ten_Linh_Kien"; Value = "T? 0805 104-100nF 10% 50V"; VariantName = "[No Variations]"
Change component parameters: Designator = "C27" ("C27"); Footprint = "tu 0603"; UniqueID = "\EEGNPFUY" ("\EEGNPFUY")
Change component parameters (AddParameter): Name = "Chung_Loai"; Value = "D·n"; VariantName = "[No Variations]"
Change component parameters (AddParameter): Name = "Don_Vi"; Value = "Con"; VariantName = "[No Variations]"
Change component parameters (AddParameter): Name = "Kieu_Chan"; Value = ""; VariantName = "[No Variations]"
Change component parameters (AddParameter): Name = "Ma_Hang"; Value = "MH004551"; VariantName = "[No Variations]"
Change component parameters (AddParameter): Name = "So_Chan"; Value = "2"; VariantName = "[No Variations]"
Change component parameters (AddParameter): Name = "Ten_Linh_Kien"; Value = "T? 0805 104-100nF 10% 50V"; VariantName = "[No Variations]"
Change component parameters: Designator = "C29" ("C29"); Footprint = "tu 0603"; UniqueID = "\GVPZEYVJ" ("\GVPZEYVJ")
Change component parameters (AddParameter): Name = "Chung_Loai"; Value = "D·n"; VariantName = "[No Variations]"
Change component parameters (AddParameter): Name = "Don_Vi"; Value = "Con"; VariantName = "[No Variations]"
Change component parameters (AddParameter): Name = "Kieu_Chan"; Value = ""; VariantName = "[No Variations]"
Change component parameters (AddParameter): Name = "Ma_Hang"; Value = "MH004551"; VariantName = "[No Variations]"
Change component parameters (AddParameter): Name = "So_Chan"; Value = "2"; VariantName = "[No Variations]"
Change component parameters (AddParameter): Name = "Ten_Linh_Kien"; Value = "T? 0805 104-100nF 10% 50V"; VariantName = "[No Variations]"
Change component parameters: Designator = "R1" ("R1"); Footprint = "tro smd 0603"; UniqueID = "\SVAXDRFC" ("\SVAXDRFC")
Change component parameters (AddParameter): Name = "Chung_Loai"; Value = "D·n"; VariantName = "[No Variations]"
Change component parameters (AddParameter): Name = "Don_Vi"; Value = "Con"; VariantName = "[No Variations]"
Change component parameters (AddParameter): Name = "Kieu_Chan"; Value = ""; VariantName = "[No Variations]"
Change component parameters (AddParameter): Name = "Ma_Hang"; Value = "MH005250"; VariantName = "[No Variations]"
Change component parameters (AddParameter): Name = "So_Chan"; Value = "2"; VariantName = "[No Variations]"
Change component parameters (AddParameter): Name = "Ten_Linh_Kien"; Value = "Tr? 0805 5% 100k"; VariantName = "[No Variations]"
Change component parameters: Designator = "R2" ("R2"); Footprint = "tro smd 0603"; UniqueID = "\IZZKXYSU" ("\IZZKXYSU")
Change component parameters (AddParameter): Name = "Chung_Loai"; Value = "D·n"; VariantName = "[No Variations]"
Change component parameters (AddParameter): Name = "Don_Vi"; Value = "Con"; VariantName = "[No Variations]"
Change component parameters (AddParameter): Name = "Kieu_Chan"; Value = ""; VariantName = "[No Variations]"
Change component parameters (AddParameter): Name = "Ma_Hang"; Value = "MH005250"; VariantName = "[No Variations]"
Change component parameters (AddParameter): Name = "So_Chan"; Value = "2"; VariantName = "[No Variations]"
Change component parameters (AddParameter): Name = "Ten_Linh_Kien"; Value = "Tr? 0805 5% 100k"; VariantName = "[No Variations]"
Change component parameters: Designator = "R3" ("R3"); Footprint = "tro smd 0603"; UniqueID = "\JQYDVLAR" ("\JQYDVLAR")
Change component parameters (AddParameter): Name = "Chung_Loai"; Value = "D·n"; VariantName = "[No Variations]"
Change component parameters (AddParameter): Name = "Don_Vi"; Value = "Con"; VariantName = "[No Variations]"
Change component parameters (AddParameter): Name = "Kieu_Chan"; Value = ""; VariantName = "[No Variations]"
Change component parameters (AddParameter): Name = "Ma_Hang"; Value = "MH005239"; VariantName = "[No Variations]"
Change component parameters (AddParameter): Name = "So_Chan"; Value = "2"; VariantName = "[No Variations]"
Change component parameters (AddParameter): Name = "Ten_Linh_Kien"; Value = "Tr? 0805 5% 10k"; VariantName = "[No Variations]"
Change component parameters: Designator = "R4" ("R4"); Footprint = "Tro SMD 0805"; UniqueID = "\UWURSJAQ" ("\UWURSJAQ")
Change component parameters (AddParameter): Name = "Chung_Loai"; Value = "D·n"; VariantName = "[No Variations]"
Change component parameters (AddParameter): Name = "Don_Vi"; Value = "Con"; VariantName = "[No Variations]"
Change component parameters (AddParameter): Name = "Kieu_Chan"; Value = ""; VariantName = "[No Variations]"
Change component parameters (AddParameter): Name = "Ma_Hang"; Value = "MH005248"; VariantName = "[No Variations]"
Change component parameters (AddParameter): Name = "So_Chan"; Value = "2"; VariantName = "[No Variations]"
Change component parameters (AddParameter): Name = "Ten_Linh_Kien"; Value = "Tr? 0805 5% 22k"; VariantName = "[No Variations]"
Change component parameters: Designator = "R6" ("R6"); Footprint = "tro smd 0603"; UniqueID = "\KFUQSSSQ" ("\KFUQSSSQ")
Change component parameters (AddParameter): Name = "Chung_Loai"; Value = "D·n"; VariantName = "[No Variations]"
Change component parameters (AddParameter): Name = "Don_Vi"; Value = "Con"; VariantName = "[No Variations]"
Change component parameters (AddParameter): Name = "Kieu_Chan"; Value = ""; VariantName = "[No Variations]"
Change component parameters (AddParameter): Name = "Ma_Hang"; Value = "MH007670"; VariantName = "[No Variations]"
Change component parameters (AddParameter): Name = "So_Chan"; Value = "2"; VariantName = "[No Variations]"
Change component parameters (AddParameter): Name = "Ten_Linh_Kien"; Value = "Tr? 0805 5% 3.9k"; VariantName = "[No Variations]"
Change component parameters: Designator = "R8" ("R8"); Footprint = "tro smd 0603"; UniqueID = "\SZFABECG" ("\SZFABECG")
Change component parameters (AddParameter): Name = "Chung_Loai"; Value = "D·n"; VariantName = "[No Variations]"
Change component parameters (AddParameter): Name = "Don_Vi"; Value = "Con"; VariantName = "[No Variations]"
Change component parameters (AddParameter): Name = "Kieu_Chan"; Value = ""; VariantName = "[No Variations]"
Change component parameters (AddParameter): Name = "Ma_Hang"; Value = "MH005239"; VariantName = "[No Variations]"
Change component parameters (AddParameter): Name = "So_Chan"; Value = "2"; VariantName = "[No Variations]"
Change component parameters (AddParameter): Name = "Ten_Linh_Kien"; Value = "Tr? 0805 5% 10k"; VariantName = "[No Variations]"
Change component parameters: Designator = "R9" ("R9"); Footprint = "tro smd 0603"; UniqueID = "\AERGCHXS" ("\AERGCHXS")
Change component parameters (AddParameter): Name = "Chung_Loai"; Value = "D·n"; VariantName = "[No Variations]"
Change component parameters (AddParameter): Name = "Don_Vi"; Value = "Con"; VariantName = "[No Variations]"
Change component parameters (AddParameter): Name = "Kieu_Chan"; Value = ""; VariantName = "[No Variations]"
Change component parameters (AddParameter): Name = "Ma_Hang"; Value = "MH005239"; VariantName = "[No Variations]"
Change component parameters (AddParameter): Name = "So_Chan"; Value = "2"; VariantName = "[No Variations]"
Change component parameters (AddParameter): Name = "Ten_Linh_Kien"; Value = "Tr? 0805 5% 10k"; VariantName = "[No Variations]"
Change component parameters: Designator = "R10" ("R10"); Footprint = "tro smd 0603"; UniqueID = "\MCXWNWQW" ("\MCXWNWQW")
Change component parameters (AddParameter): Name = "Chung_Loai"; Value = "D·n"; VariantName = "[No Variations]"
Change component parameters (AddParameter): Name = "Don_Vi"; Value = "Con"; VariantName = "[No Variations]"
Change component parameters (AddParameter): Name = "Kieu_Chan"; Value = ""; VariantName = "[No Variations]"
Change component parameters (AddParameter): Name = "Ma_Hang"; Value = "MH005239"; VariantName = "[No Variations]"
Change component parameters (AddParameter): Name = "So_Chan"; Value = "2"; VariantName = "[No Variations]"
Change component parameters (AddParameter): Name = "Ten_Linh_Kien"; Value = "Tr? 0805 5% 10k"; VariantName = "[No Variations]"
Change component parameters: Designator = "R11" ("R11"); Footprint = "tro smd 0603"; UniqueID = "\CUKMDSNK" ("\CUKMDSNK")
Change component parameters (AddParameter): Name = "Chung_Loai"; Value = "D·n"; VariantName = "[No Variations]"
Change component parameters (AddParameter): Name = "Don_Vi"; Value = "Con"; VariantName = "[No Variations]"
Change component parameters (AddParameter): Name = "Kieu_Chan"; Value = ""; VariantName = "[No Variations]"
Change component parameters (AddParameter): Name = "Ma_Hang"; Value = "MH005239"; VariantName = "[No Variations]"
Change component parameters (AddParameter): Name = "So_Chan"; Value = "2"; VariantName = "[No Variations]"
Change component parameters (AddParameter): Name = "Ten_Linh_Kien"; Value = "Tr? 0805 5% 10k"; VariantName = "[No Variations]"
Change component parameters: Designator = "R12" ("R12"); Footprint = "tro smd 0603"; UniqueID = "\KZMVXWUT" ("\KZMVXWUT")
Change component parameters (AddParameter): Name = "Chung_Loai"; Value = "D·n"; VariantName = "[No Variations]"
Change component parameters (AddParameter): Name = "Don_Vi"; Value = "Con"; VariantName = "[No Variations]"
Change component parameters (AddParameter): Name = "Kieu_Chan"; Value = ""; VariantName = "[No Variations]"
Change component parameters (AddParameter): Name = "Ma_Hang"; Value = "MH005237"; VariantName = "[No Variations]"
Change component parameters (AddParameter): Name = "So_Chan"; Value = "2"; VariantName = "[No Variations]"
Change component parameters (AddParameter): Name = "Ten_Linh_Kien"; Value = "Tr? 0805 5% 2.2k"; VariantName = "[No Variations]"
Change component parameters: Designator = "R13" ("R13"); Footprint = "tro smd 0805"; UniqueID = "\MLXZYGUI" ("\MLXZYGUI")
Change component parameters (AddParameter): Name = "Chung_Loai"; Value = "D·n"; VariantName = "[No Variations]"
Change component parameters (AddParameter): Name = "Don_Vi"; Value = "Con"; VariantName = "[No Variations]"
Change component parameters (AddParameter): Name = "Kieu_Chan"; Value = ""; VariantName = "[No Variations]"
Change component parameters (AddParameter): Name = "Ma_Hang"; Value = "MH005237"; VariantName = "[No Variations]"
Change component parameters (AddParameter): Name = "So_Chan"; Value = "2"; VariantName = "[No Variations]"
Change component parameters (AddParameter): Name = "Ten_Linh_Kien"; Value = "Tr? 0805 5% 2.2k"; VariantName = "[No Variations]"
Change component parameters: Designator = "R14" ("R14"); Footprint = "tro smd 0805"; UniqueID = "\KQBQDVBV" ("\KQBQDVBV")
Change component parameters (AddParameter): Name = "Chung_Loai"; Value = "D·n"; VariantName = "[No Variations]"
Change component parameters (AddParameter): Name = "Don_Vi"; Value = "Con"; VariantName = "[No Variations]"
Change component parameters (AddParameter): Name = "Kieu_Chan"; Value = ""; VariantName = "[No Variations]"
Change component parameters (AddParameter): Name = "Ma_Hang"; Value = "MH005237"; VariantName = "[No Variations]"
Change component parameters (AddParameter): Name = "So_Chan"; Value = "2"; VariantName = "[No Variations]"
Change component parameters (AddParameter): Name = "Ten_Linh_Kien"; Value = "Tr? 0805 5% 2.2k"; VariantName = "[No Variations]"
Change component parameters: Designator = "R16" ("R16"); Footprint = "tro smd 0603"; UniqueID = "\VLILIDKS" ("\VLILIDKS")
Change component parameters (AddParameter): Name = "Chung_Loai"; Value = "D·n"; VariantName = "[No Variations]"
Change component parameters (AddParameter): Name = "Don_Vi"; Value = "Con"; VariantName = "[No Variations]"
Change component parameters (AddParameter): Name = "Kieu_Chan"; Value = ""; VariantName = "[No Variations]"
Change component parameters (AddParameter): Name = "Ma_Hang"; Value = "MH005239"; VariantName = "[No Variations]"
Change component parameters (AddParameter): Name = "So_Chan"; Value = "2"; VariantName = "[No Variations]"
Change component parameters (AddParameter): Name = "Ten_Linh_Kien"; Value = "Tr? 0805 5% 10k"; VariantName = "[No Variations]"
Change component parameters: Designator = "R17" ("R17"); Footprint = "tro smd 0603"; UniqueID = "\YTDUNRLG" ("\YTDUNRLG")
Change component parameters (AddParameter): Name = "Chung_Loai"; Value = "D·n"; VariantName = "[No Variations]"
Change component parameters (AddParameter): Name = "Don_Vi"; Value = "Con"; VariantName = "[No Variations]"
Change component parameters (AddParameter): Name = "Kieu_Chan"; Value = ""; VariantName = "[No Variations]"
Change component parameters (AddParameter): Name = "Ma_Hang"; Value = "MH005239"; VariantName = "[No Variations]"
Change component parameters (AddParameter): Name = "So_Chan"; Value = "2"; VariantName = "[No Variations]"
Change component parameters (AddParameter): Name = "Ten_Linh_Kien"; Value = "Tr? 0805 5% 10k"; VariantName = "[No Variations]"
Change component parameters: Designator = "R18" ("R18"); Footprint = "tro smd 0603"; UniqueID = "\QXYWDTSQ" ("\QXYWDTSQ")
Change component parameters (AddParameter): Name = "Chung_Loai"; Value = "D·n"; VariantName = "[No Variations]"
Change component parameters (AddParameter): Name = "Don_Vi"; Value = "Con"; VariantName = "[No Variations]"
Change component parameters (AddParameter): Name = "Kieu_Chan"; Value = ""; VariantName = "[No Variations]"
Change component parameters (AddParameter): Name = "Ma_Hang"; Value = "MH005314"; VariantName = "[No Variations]"
Change component parameters (AddParameter): Name = "So_Chan"; Value = "2"; VariantName = "[No Variations]"
Change component parameters (AddParameter): Name = "Ten_Linh_Kien"; Value = "Tr? 0805 5% 30k"; VariantName = "[No Variations]"
Added Component: Designator=C15(tu 0805)
Add component (AddParameter): Name = "Chung_Loai"; Value = "D·n"; VariantName = "[No Variations]"
Add component (AddParameter): Name = "Don_Vi"; Value = "Con"; VariantName = "[No Variations]"
Add component (AddParameter): Name = "Kieu_Chan"; Value = ""; VariantName = "[No Variations]"
Add component (AddParameter): Name = "Ma_Hang"; Value = "MH004551"; VariantName = "[No Variations]"
Add component (AddParameter): Name = "So_Chan"; Value = "2"; VariantName = "[No Variations]"
Add component (AddParameter): Name = "Ten_Linh_Kien"; Value = "T? 0805 104-100nF 10% 50V"; VariantName = "[No Variations]"
Added Component: Designator=C16(tu 0805)
Add component (AddParameter): Name = "Chung_Loai"; Value = "D·n"; VariantName = "[No Variations]"
Add component (AddParameter): Name = "Don_Vi"; Value = "Con"; VariantName = "[No Variations]"
Add component (AddParameter): Name = "Kieu_Chan"; Value = ""; VariantName = "[No Variations]"
Add component (AddParameter): Name = "Ma_Hang"; Value = "MH004551"; VariantName = "[No Variations]"
Add component (AddParameter): Name = "So_Chan"; Value = "2"; VariantName = "[No Variations]"
Add component (AddParameter): Name = "Ten_Linh_Kien"; Value = "T? 0805 104-100nF 10% 50V"; VariantName = "[No Variations]"
Added Component: Designator=C26(tu 0805)
Add component (AddParameter): Name = "Chung_Loai"; Value = "D·n"; VariantName = "[No Variations]"
Add component (AddParameter): Name = "Don_Vi"; Value = "Con"; VariantName = "[No Variations]"
Add component (AddParameter): Name = "Kieu_Chan"; Value = ""; VariantName = "[No Variations]"
Add component (AddParameter): Name = "Ma_Hang"; Value = "MH004551"; VariantName = "[No Variations]"
Add component (AddParameter): Name = "So_Chan"; Value = "2"; VariantName = "[No Variations]"
Add component (AddParameter): Name = "Ten_Linh_Kien"; Value = "T? 0805 104-100nF 10% 50V"; VariantName = "[No Variations]"
Added Component: Designator=H1(XH2.54M-4)
Add component (AddParameter): Name = "Chung_Loai"; Value = "C?m"; VariantName = "[No Variations]"
Add component (AddParameter): Name = "Don_Vi"; Value = "Con"; VariantName = "[No Variations]"
Add component (AddParameter): Name = "Ghi_Chu"; Value = ""; VariantName = "[No Variations]"
Add component (AddParameter): Name = "Kieu_Chan"; Value = ""; VariantName = "[No Variations]"
Add component (AddParameter): Name = "Ma_Hang"; Value = "MH001285"; VariantName = "[No Variations]"
Add component (AddParameter): Name = "Ten_Linh_Kien"; Value = "Header 4P XH2.54-4P –?c Th?ng"; VariantName = "[No Variations]"
Added Component: Designator=H4(XH2.54M-4)
Add component (AddParameter): Name = "Chung_Loai"; Value = "C?m"; VariantName = "[No Variations]"
Add component (AddParameter): Name = "Don_Vi"; Value = "Con"; VariantName = "[No Variations]"
Add component (AddParameter): Name = "Ghi_Chu"; Value = ""; VariantName = "[No Variations]"
Add component (AddParameter): Name = "Kieu_Chan"; Value = ""; VariantName = "[No Variations]"
Add component (AddParameter): Name = "Ma_Hang"; Value = "MH001285"; VariantName = "[No Variations]"
Add component (AddParameter): Name = "Ten_Linh_Kien"; Value = "Header 4P XH2.54-4P –?c Th?ng"; VariantName = "[No Variations]"
Added Component: Designator=R5(tro smd 0805)
Add component (AddParameter): Name = "Chung_Loai"; Value = "D·n"; VariantName = "[No Variations]"
Add component (AddParameter): Name = "Don_Vi"; Value = "Con"; VariantName = "[No Variations]"
Add component (AddParameter): Name = "Kieu_Chan"; Value = ""; VariantName = "[No Variations]"
Add component (AddParameter): Name = "Ma_Hang"; Value = "MH005259"; VariantName = "[No Variations]"
Add component (AddParameter): Name = "So_Chan"; Value = "2"; VariantName = "[No Variations]"
Add component (AddParameter): Name = "Ten_Linh_Kien"; Value = "Tr? 0805 5% 220R"; VariantName = "[No Variations]"
Added Pin To Net: NetName=GND Pin=C3-1
Added Pin To Net: NetName=3.3V Pin=C3-2
Added Pin To Net: NetName=GND Pin=C5-1
Added Pin To Net: NetName=8.4V Pin=C5-2
Added Pin To Net: NetName=8.4V Pin=C8-1
Added Pin To Net: NetName=GND Pin=C9-1
Added Pin To Net: NetName=SS_NET Pin=C9-2
Added Pin To Net: NetName=GND Pin=C10-2
Added Pin To Net: NetName=COMP_NET Pin=C11-1
Added Pin To Net: NetName=GND Pin=C15-1
Added Pin To Net: NetName=EN Pin=C15-2
Added Pin To Net: NetName=GND Pin=C16-1
Added Pin To Net: NetName=BOOT Pin=C16-2
Added Pin To Net: NetName=3.3V Pin=C18-1
Added Pin To Net: NetName=GND Pin=C20-1
Added Pin To Net: NetName=GND Pin=C22-1
Added Pin To Net: NetName=8.4V Pin=C22-2
Added Pin To Net: NetName=GND Pin=C23-1
Added Pin To Net: NetName=3.3V Pin=C23-2
Added Pin To Net: NetName=GND Pin=C24-1
Added Pin To Net: NetName=3.3V Pin=C24-2
Added Pin To Net: NetName=GND Pin=C25-1
Added Pin To Net: NetName=3.3V Pin=C25-2
Added Pin To Net: NetName=GND Pin=C26-1
Added Pin To Net: NetName=3.3V Pin=C26-2
Added Pin To Net: NetName=GND Pin=C27-1
Added Pin To Net: NetName=MCU_nRESET Pin=C27-2
Added Pin To Net: NetName=GND Pin=C29-1
Added Pin To Net: NetName=8.4V Pin=C29-2
Added Pin To Net: NetName=MCU_SWDIO Pin=H1-2
Added Pin To Net: NetName=MCU_SWCLK Pin=H1-3
Added Pin To Net: NetName=GND Pin=H1-4
Added Pin To Net: NetName=ESP_TXD0 Pin=H4-2
Added Pin To Net: NetName=ESP_RXD0 Pin=H4-3
Added Pin To Net: NetName=GND Pin=H4-4
Added Pin To Net: NetName=3.3V Pin=R3-1
Added Pin To Net: NetName=NetL2_1 Pin=R3-2
Added Pin To Net: NetName=3.3V Pin=R6-2
Added Pin To Net: NetName=FB_NET Pin=R8-1
Added Pin To Net: NetName=GND Pin=R8-2
Added Pin To Net: NetName=EN Pin=R9-1
Added Pin To Net: NetName=EN Pin=R10-1
Added Pin To Net: NetName=3.3V Pin=R10-2
Added Pin To Net: NetName=BOOT Pin=R11-1
Added Pin To Net: NetName=3.3V Pin=R11-2
Added Pin To Net: NetName=MCU_ERR_LED_K Pin=R12-1
Added Pin To Net: NetName=MCU_RUN_LED_K Pin=R13-1
Added Pin To Net: NetName=MCU_RUN_LED Pin=R13-2
Added Pin To Net: NetName=MCU_WIFI_LED_K Pin=R14-1
Added Pin To Net: NetName=3.3V Pin=R16-1
Added Pin To Net: NetName=MCU_nRESET Pin=R16-2
Added Pin To Net: NetName=MCU_BOOT0 Pin=R17-1
Added Pin To Net: NetName=GND Pin=R17-2
Added Pin To Net: NetName=GND Pin=R18-1
Change Net Name : Old Net Name=MCU_WIFI_LED New Net Name=MCU_ERR_LED
Added Pin To Net: NetName=MCU_WIFI_LED Pin=R14-2
Added Net: Name=MCU_WIFI_LED
Added Pin To Net: NetName=NetC10_1 Pin=C10-1
Added Pin To Net: NetName=NetC10_1 Pin=Q1-1
Added Pin To Net: NetName=NetC10_1 Pin=R2-2
Added Net: Name=NetC10_1
Added Pin To Net: NetName=NetC11_2 Pin=C11-2
Added Pin To Net: NetName=NetC11_2 Pin=C12-2
Added Pin To Net: NetName=NetC11_2 Pin=R7-1
Added Net: Name=NetC11_2
Added Pin To Net: NetName=NetC19_1 Pin=C19-1
Added Pin To Net: NetName=NetC19_1 Pin=C20-2
Added Pin To Net: NetName=NetC19_1 Pin=E1-2
Added Pin To Net: NetName=NetC19_1 Pin=U2-9
Added Net: Name=NetC19_1
Added Pin To Net: NetName=NetR4_2 Pin=R4-2
Added Pin To Net: NetName=NetR4_2 Pin=R5-1
Added Net: Name=NetR4_2
Added Pin To Net: NetName=NetR5_2 Pin=R5-2
Added Pin To Net: NetName=NetR5_2 Pin=R6-1
Added Net: Name=NetR5_2
Added Pin To Net: NetName=NetR18_2 Pin=R18-2
Added Pin To Net: NetName=NetR18_2 Pin=U4-4
Added Net: Name=NetR18_2
Added Member To Class: ClassName=DMRobotSchematic Member=Component H5 MOTOR
Added Member To Class: ClassName=DMRobotSchematic Member=Component H6 ENCODER
Added Member To Class: ClassName=DMRobotSchematic Member=Component R5 220
Added Member To Class: ClassName=DMRobotSchematic Member=Component R6 3.9k
Added Member To Class: ClassName=DMRobotSchematic Member=Component R7 6.8k
Added Member To Class: ClassName=DMRobotSchematic Member=Component R9 10k
Added Member To Class: ClassName=DMRobotSchematic Member=Component R11 10k
Added Member To Class: ClassName=DMRobotSchematic Member=Component R13 2.2k
Added Member To Class: ClassName=DMRobotSchematic Member=Component R15 30k
Added Member To Class: ClassName=DMRobotSchematic Member=Component R16 10k
Added Member To Class: ClassName=DMRobotSchematic Member=Component R18 30k
