Removed Member From Class: ClassName=DMRobotSchematic Member=Y1
Change Component Designator: OldDesignator=C16 NewDesignator=C15
Change Component Designator: OldDesignator=C17 NewDesignator=C16
Change Component Designator: OldDesignator=C18 NewDesignator=C17
Change Component Designator: OldDesignator=C19 NewDesignator=C18
Change Component Designator: OldDesignator=C20 NewDesignator=C19
Change Component Designator: OldDesignator=C21 NewDesignator=C20
Change Component Designator: OldDesignator=C22 NewDesignator=C21
Change Component Designator: OldDesignator=C23 NewDesignator=C22
Change Component Designator: OldDesignator=C24 NewDesignator=C23
Change Component Designator: OldDesignator=C25 NewDesignator=C24
Change Component Designator: OldDesignator=C26 NewDesignator=C25
Change Component Designator: OldDesignator=C27 NewDesignator=C26
Change Component Designator: OldDesignator=C28 NewDesignator=C27
Change Component Designator: OldDesignator=C29 NewDesignator=C28
Change Component Designator: OldDesignator=C30 NewDesignator=C29
Change Component Designator: OldDesignator=C31 NewDesignator=C30
Change Component Designator: OldDesignator=C32 NewDesignator=C31
Change Component Designator: OldDesignator=C33 NewDesignator=C32
Change Component Designator: OldDesignator=C34 NewDesignator=C33
Change Net Name : Old Net Name=NetC23_1 New Net Name=NetC22_1
Added Member To Class: ClassName=DMRobotSchematic Member=Component C18 106
Added Member To Class: ClassName=DMRobotSchematic Member=Component C20 106
Added Member To Class: ClassName=DMRobotSchematic Member=Component C22 104
Added Member To Class: ClassName=DMRobotSchematic Member=Component C23 22uF
Added Member To Class: ClassName=DMRobotSchematic Member=Component C25 104
Added Member To Class: ClassName=DMRobotSchematic Member=Component C27 104
Added Member To Class: ClassName=DMRobotSchematic Member=Component C28 104
Added Member To Class: ClassName=DMRobotSchematic Member=Component C30 22uF
Added Member To Class: ClassName=DMRobotSchematic Member=Component C31 104
Added Member To Class: ClassName=DMRobotSchematic Member=Component H1 LOADER ESSP32
Added Member To Class: ClassName=DMRobotSchematic Member=Component H2 Header 4P 2.54 Duc Thang
Added Member To Class: ClassName=DMRobotSchematic Member=Component H4 ENCODER
Added Member To Class: ClassName=DMRobotSchematic Member=Component R9 10k
Added Member To Class: ClassName=DMRobotSchematic Member=Component R10 10k
Added Member To Class: ClassName=DMRobotSchematic Member=Component R14 5.1k
Added Member To Class: ClassName=DMRobotSchematic Member=Component R17 10k
Added Member To Class: ClassName=DMRobotSchematic Member=Component R20 0R
Added Member To Class: ClassName=DMRobotSchematic Member=Component R22 30k
Added Member To Class: ClassName=DMRobotSchematic Member=Component R23 10k
