Change Component Designator: Old Designator=C4 New Designator=C5
Change Component Designator: Old Designator=C5 New Designator=C6
Change Component Designator: Old Designator=C6 New Designator=C4
Change Component Designator: Old Designator=C7 New Designator=C8
Change Component Designator: Old Designator=C8 New Designator=C7
Change Component Designator: Old Designator=C21 New Designator=C24
Change Component Designator: Old Designator=C22 New Designator=C25
Change Component Designator: Old Designator=C23 New Designator=C26
Change Component Designator: Old Designator=C24 New Designator=C27
Change Component Designator: Old Designator=C25 New Designator=C28
Change Component Designator: Old Designator=C26 New Designator=C29
Change Component Designator: Old Designator=C27 New Designator=C30
Change Component Designator: Old Designator=C28 New Designator=C31
Change Component Designator: Old Designator=C29 New Designator=C32
Change Component Designator: Old Designator=C30 New Designator=C33
Change Component Designator: Old Designator=C31 New Designator=C34
Change Component Designator: Old Designator=C? New Designator=C21
Change Component Designator: Old Designator=C? New Designator=C22
Change Component Designator: Old Designator=C? New Designator=C23
Change Component Designator: Old Designator=H5 New Designator=H4
Change Component Designator: Old Designator=H6 New Designator=H5
Change Component Designator: Old Designator=J? New Designator=J1
Change Component Designator: Old Designator=Q? New Designator=Q2
Change Component Designator: Old Designator=Q? New Designator=Q3
Change Component Designator: Old Designator=R15 New Designator=R17
Change Component Designator: Old Designator=R16 New Designator=R18
Change Component Designator: Old Designator=R17 New Designator=R19
Change Component Designator: Old Designator=R18 New Designator=R23
Change Component Designator: Old Designator=R? New Designator=R15
Change Component Designator: Old Designator=R? New Designator=R16
Change Component Designator: Old Designator=R? New Designator=R20
Change Component Designator: Old Designator=R? New Designator=R21
Change Component Designator: Old Designator=R? New Designator=R22
Change Component Designator: Old Designator=R? New Designator=R24
Change Component Designator: Old Designator=U4 New Designator=U5
Change Component Designator: Old Designator=U? New Designator=U4
