Change Component Designator: OldDesignator=R5 NewDesignator=R6
Change Component Designator: OldDesignator=R6 NewDesignator=R7
Change Component Designator: OldDesignator=R7 NewDesignator=R8
Change Component Designator: OldDesignator=R8 NewDesignator=R9
Change Component Designator: OldDesignator=R9 NewDesignator=R10
Change Component Designator: OldDesignator=R10 NewDesignator=R11
Change Component Designator: OldDesignator=R11 NewDesignator=R12
Change Component Designator: OldDesignator=R12 NewDesignator=R13
Change Component Designator: OldDesignator=R13 NewDesignator=R14
Change Component Designator: OldDesignator=R14 NewDesignator=R15
Change Component Designator: OldDesignator=R15 NewDesignator=R16
Change Component Designator: OldDesignator=R16 NewDesignator=R17
Change Component Designator: OldDesignator=R17 NewDesignator=R18
Change Component Designator: OldDesignator=R18 NewDesignator=R19
Change Component Designator: OldDesignator=R19 NewDesignator=R20
Change Component Designator: OldDesignator=R20 NewDesignator=R21
Change Component Designator: OldDesignator=R21 NewDesignator=R22
Change Component Designator: OldDesignator=R22 NewDesignator=R23
Added Component: Designator=R5(tro smd 0805)
Add component (AddParameter): Name = "Chung_Loai"; Value = "D·n"; VariantName = "[No Variations]"
Add component (AddParameter): Name = "Don_Vi"; Value = "Con"; VariantName = "[No Variations]"
Add component (AddParameter): Name = "Kieu_Chan"; Value = ""; VariantName = "[No Variations]"
Add component (AddParameter): Name = "Ma_Hang"; Value = "MH005473"; VariantName = "[No Variations]"
Add component (AddParameter): Name = "So_Chan"; Value = "2"; VariantName = "[No Variations]"
Add component (AddParameter): Name = "Ten_Linh_Kien"; Value = "Tr? 0805 1% 10k"; VariantName = "[No Variations]"
Change Net Name : Old Net Name=NetR15_2 New Net Name=NetR16_2
Change Net Name : Old Net Name=NetR21_2 New Net Name=NetR22_2
Added Member To Class: ClassName=DMRobotSchematic Member=Component C10 104
Added Member To Class: ClassName=DMRobotSchematic Member=Component C11 106
Added Member To Class: ClassName=DMRobotSchematic Member=Component C12 104
Added Member To Class: ClassName=DMRobotSchematic Member=Component C33 22uF
Added Member To Class: ClassName=DMRobotSchematic Member=Component C34 104
Added Member To Class: ClassName=DMRobotSchematic Member=Component C36 22pF
Added Member To Class: ClassName=DMRobotSchematic Member=Component R23 10k
