Added Component: Designator=J1(HRO_TYPE-C-31-M-12)
Add component (AddParameter): Name = "Check_prices"; Value = "https://www.snapeda.com/parts/TYPE-C-31-M-12/HRO+Electronics+Co.%252C+Ltd./view-part/?ref=eda"; VariantName = "[No Variations]"
Add component (AddParameter): Name = "MF"; Value = "HRO Electronics Co., Ltd."; VariantName = "[No Variations]"
Add component (AddParameter): Name = "MP"; Value = "TYPE-C-31-M-12"; VariantName = "[No Variations]"
Add component (AddParameter): Name = "Package"; Value = "Package"; VariantName = "[No Variations]"
Add component (AddParameter): Name = "SnapEDA_Link"; Value = "https://www.snapeda.com/parts/TYPE-C-31-M-12/HRO+Electronics+Co.%252C+Ltd./view-part/?ref=snap"; VariantName = "[No Variations]"
Add component (AddParameter): Name = "Value"; Value = ""; VariantName = "[No Variations]"
Add Component: Footprint Not Found SOIC16_50_284_25X90_SMT
Added Pin To Net: NetName=GND Pin=J1-A1_B12
Added Pin To Net: NetName=NetJ1_A5 Pin=J1-A5
Added Pin To Net: NetName=USB_P Pin=J1-A6
Added Pin To Net: NetName=USB_N Pin=J1-A7
Added Pin To Net: NetName=GND Pin=J1-B1_A12
Added Pin To Net: NetName=NetJ1_B5 Pin=J1-B5
Added Pin To Net: NetName=USB_P Pin=J1-B6
Added Pin To Net: NetName=USB_N Pin=J1-B7
Added Pin To Net: NetName=GND Pin=J1-S1
Added Pin To Net: NetName=GND Pin=J1-S2
Added Pin To Net: NetName=GND Pin=J1-S3
Added Pin To Net: NetName=GND Pin=J1-S4
Add Pin To Net: Unknown Pin: Pin U4-2
Add Pin To Net: Unknown Pin: Pin U4-3
Add Pin To Net: Unknown Pin: Pin U4-4
Add Pin To Net: Unknown Pin: Pin U4-5
Add Pin To Net: Unknown Pin: Pin U4-6
Add Pin To Net: Unknown Pin: Pin U4-13
Add Pin To Net: Unknown Pin: Pin U4-14
Add Pin To Net: Unknown Pin: Pin U4-16
Added Member To Class: ClassName=DMRobotSchematic Member=Component C5 22uf
Added Member To Class: ClassName=DMRobotSchematic Member=Component C8 100uF
Added Member To Class: ClassName=DMRobotSchematic Member=Component C21 106
Added Member To Class: ClassName=DMRobotSchematic Member=Component C22 104
Added Member To Class: ClassName=DMRobotSchematic Member=Component C23 104
Added Member To Class: ClassName=DMRobotSchematic Member=Component C24 22uF
Added Member To Class: ClassName=DMRobotSchematic Member=Component C26 104
Added Member To Class: ClassName=DMRobotSchematic Member=Component C27 104
Added Member To Class: ClassName=DMRobotSchematic Member=Component C28 104
Added Member To Class: ClassName=DMRobotSchematic Member=Component C29 104
Added Member To Class: ClassName=DMRobotSchematic Member=Component H4 MOTOR
Added Member To Class: ClassName=DMRobotSchematic Member=Component H5 ENCODER
Added Member To Class: ClassName=DMRobotSchematic Member=Component J1 TYPE-C-31-M-12
Added Member To Class: ClassName=DMRobotSchematic Member=Component R15 5.1k
Added Member To Class: ClassName=DMRobotSchematic Member=Component R16 5.1k
Added Member To Class: ClassName=DMRobotSchematic Member=Component R17 30k
Added Member To Class: ClassName=DMRobotSchematic Member=Component R18 10k
Add Class Member: Failed to add class member : Component U4 CH340C
